{"/Users/vladimirmyskov/Sites/dragee/src/bounding.js": {"path":"/Users/vladimirmyskov/Sites/dragee/src/bounding.js","statementMap":{"0":{"start":{"line":20,"column":4},"end":{"line":20,"column":16}},"1":{"start":{"line":26,"column":21},"end":{"line":26,"column":43}},"2":{"start":{"line":27,"column":4},"end":{"line":27,"column":40}},"3":{"start":{"line":33,"column":4},"end":{"line":33,"column":11}},"4":{"start":{"line":34,"column":4},"end":{"line":34,"column":30}},"5":{"start":{"line":38,"column":22},"end":{"line":38,"column":35}},"6":{"start":{"line":39,"column":19},"end":{"line":39,"column":41}},"7":{"start":{"line":41,"column":4},"end":{"line":43,"column":5}},"8":{"start":{"line":42,"column":6},"end":{"line":42,"column":47}},"9":{"start":{"line":44,"column":4},"end":{"line":46,"column":5}},"10":{"start":{"line":45,"column":6},"end":{"line":45,"column":45}},"11":{"start":{"line":47,"column":4},"end":{"line":49,"column":5}},"12":{"start":{"line":48,"column":6},"end":{"line":48,"column":37}},"13":{"start":{"line":50,"column":4},"end":{"line":52,"column":5}},"14":{"start":{"line":51,"column":6},"end":{"line":51,"column":37}},"15":{"start":{"line":54,"column":4},"end":{"line":54,"column":20}},"16":{"start":{"line":60,"column":4},"end":{"line":60,"column":49}},"17":{"start":{"line":61,"column":4},"end":{"line":61,"column":26}},"18":{"start":{"line":62,"column":4},"end":{"line":62,"column":24}},"19":{"start":{"line":66,"column":4},"end":{"line":66,"column":69}},"20":{"start":{"line":72,"column":4},"end":{"line":72,"column":11}},"21":{"start":{"line":73,"column":4},"end":{"line":73,"column":14}},"22":{"start":{"line":74,"column":4},"end":{"line":74,"column":24}},"23":{"start":{"line":75,"column":4},"end":{"line":75,"column":20}},"24":{"start":{"line":79,"column":22},"end":{"line":79,"column":35}},"25":{"start":{"line":81,"column":4},"end":{"line":81,"column":24}},"26":{"start":{"line":82,"column":4},"end":{"line":84,"column":5}},"27":{"start":{"line":83,"column":6},"end":{"line":83,"column":31}},"28":{"start":{"line":85,"column":4},"end":{"line":87,"column":5}},"29":{"start":{"line":86,"column":6},"end":{"line":86,"column":38}},"30":{"start":{"line":89,"column":4},"end":{"line":89,"column":20}},"31":{"start":{"line":95,"column":4},"end":{"line":95,"column":11}},"32":{"start":{"line":96,"column":4},"end":{"line":96,"column":14}},"33":{"start":{"line":97,"column":4},"end":{"line":97,"column":24}},"34":{"start":{"line":98,"column":4},"end":{"line":98,"column":20}},"35":{"start":{"line":102,"column":22},"end":{"line":102,"column":35}},"36":{"start":{"line":103,"column":4},"end":{"line":103,"column":24}},"37":{"start":{"line":104,"column":4},"end":{"line":106,"column":5}},"38":{"start":{"line":105,"column":6},"end":{"line":105,"column":31}},"39":{"start":{"line":107,"column":4},"end":{"line":109,"column":5}},"40":{"start":{"line":108,"column":6},"end":{"line":108,"column":38}},"41":{"start":{"line":110,"column":4},"end":{"line":110,"column":20}},"42":{"start":{"line":116,"column":4},"end":{"line":116,"column":11}},"43":{"start":{"line":117,"column":4},"end":{"line":117,"column":32}},"44":{"start":{"line":118,"column":4},"end":{"line":118,"column":28}},"45":{"start":{"line":119,"column":18},"end":{"line":119,"column":82}},"46":{"start":{"line":120,"column":17},"end":{"line":120,"column":36}},"47":{"start":{"line":121,"column":4},"end":{"line":121,"column":19}},"48":{"start":{"line":122,"column":4},"end":{"line":122,"column":33}},"49":{"start":{"line":123,"column":4},"end":{"line":123,"column":33}},"50":{"start":{"line":127,"column":19},"end":{"line":130,"column":5}},"51":{"start":{"line":132,"column":24},"end":{"line":132,"column":86}},"52":{"start":{"line":133,"column":26},"end":{"line":133,"column":87}},"53":{"start":{"line":135,"column":4},"end":{"line":135,"column":67}},"54":{"start":{"line":141,"column":4},"end":{"line":141,"column":11}},"55":{"start":{"line":142,"column":4},"end":{"line":142,"column":24}},"56":{"start":{"line":143,"column":4},"end":{"line":143,"column":24}},"57":{"start":{"line":147,"column":4},"end":{"line":147,"column":66}},"58":{"start":{"line":153,"column":4},"end":{"line":153,"column":25}},"59":{"start":{"line":154,"column":4},"end":{"line":154,"column":33}},"60":{"start":{"line":155,"column":4},"end":{"line":155,"column":29}},"61":{"start":{"line":159,"column":4},"end":{"line":159,"column":89}},"62":{"start":{"line":163,"column":4},"end":{"line":163,"column":83}},"63":{"start":{"line":167,"column":16},"end":{"line":167,"column":44}},"64":{"start":{"line":168,"column":4},"end":{"line":168,"column":33}},"65":{"start":{"line":169,"column":4},"end":{"line":169,"column":65}},"66":{"start":{"line":170,"column":4},"end":{"line":170,"column":68}}},"fnMap":{"0":{"name":"(anonymous_0)","decl":{"start":{"line":17,"column":2},"end":{"line":17,"column":3}},"loc":{"start":{"line":17,"column":17},"end":{"line":17,"column":19}},"line":17},"1":{"name":"(anonymous_1)","decl":{"start":{"line":19,"column":2},"end":{"line":19,"column":3}},"loc":{"start":{"line":19,"column":22},"end":{"line":21,"column":3}},"line":19},"2":{"name":"(anonymous_2)","decl":{"start":{"line":23,"column":2},"end":{"line":23,"column":3}},"loc":{"start":{"line":23,"column":13},"end":{"line":23,"column":15}},"line":23},"3":{"name":"(anonymous_3)","decl":{"start":{"line":25,"column":2},"end":{"line":25,"column":3}},"loc":{"start":{"line":25,"column":20},"end":{"line":28,"column":3}},"line":25},"4":{"name":"(anonymous_4)","decl":{"start":{"line":32,"column":2},"end":{"line":32,"column":3}},"loc":{"start":{"line":32,"column":25},"end":{"line":35,"column":3}},"line":32},"5":{"name":"(anonymous_5)","decl":{"start":{"line":37,"column":2},"end":{"line":37,"column":3}},"loc":{"start":{"line":37,"column":21},"end":{"line":55,"column":3}},"line":37},"6":{"name":"(anonymous_6)","decl":{"start":{"line":59,"column":2},"end":{"line":59,"column":3}},"loc":{"start":{"line":59,"column":31},"end":{"line":63,"column":3}},"line":59},"7":{"name":"(anonymous_7)","decl":{"start":{"line":65,"column":2},"end":{"line":65,"column":3}},"loc":{"start":{"line":65,"column":13},"end":{"line":67,"column":3}},"line":65},"8":{"name":"(anonymous_8)","decl":{"start":{"line":71,"column":2},"end":{"line":71,"column":3}},"loc":{"start":{"line":71,"column":31},"end":{"line":76,"column":3}},"line":71},"9":{"name":"(anonymous_9)","decl":{"start":{"line":78,"column":2},"end":{"line":78,"column":3}},"loc":{"start":{"line":78,"column":21},"end":{"line":90,"column":3}},"line":78},"10":{"name":"(anonymous_10)","decl":{"start":{"line":94,"column":2},"end":{"line":94,"column":3}},"loc":{"start":{"line":94,"column":31},"end":{"line":99,"column":3}},"line":94},"11":{"name":"(anonymous_11)","decl":{"start":{"line":101,"column":2},"end":{"line":101,"column":3}},"loc":{"start":{"line":101,"column":21},"end":{"line":111,"column":3}},"line":101},"12":{"name":"(anonymous_12)","decl":{"start":{"line":115,"column":2},"end":{"line":115,"column":3}},"loc":{"start":{"line":115,"column":36},"end":{"line":124,"column":3}},"line":115},"13":{"name":"(anonymous_13)","decl":{"start":{"line":126,"column":2},"end":{"line":126,"column":3}},"loc":{"start":{"line":126,"column":21},"end":{"line":136,"column":3}},"line":126},"14":{"name":"(anonymous_14)","decl":{"start":{"line":140,"column":2},"end":{"line":140,"column":3}},"loc":{"start":{"line":140,"column":30},"end":{"line":144,"column":3}},"line":140},"15":{"name":"(anonymous_15)","decl":{"start":{"line":146,"column":2},"end":{"line":146,"column":3}},"loc":{"start":{"line":146,"column":22},"end":{"line":148,"column":3}},"line":146},"16":{"name":"(anonymous_16)","decl":{"start":{"line":152,"column":2},"end":{"line":152,"column":3}},"loc":{"start":{"line":152,"column":52},"end":{"line":156,"column":3}},"line":152},"17":{"name":"(anonymous_17)","decl":{"start":{"line":158,"column":2},"end":{"line":158,"column":3}},"loc":{"start":{"line":158,"column":15},"end":{"line":160,"column":3}},"line":158},"18":{"name":"(anonymous_18)","decl":{"start":{"line":162,"column":2},"end":{"line":162,"column":3}},"loc":{"start":{"line":162,"column":13},"end":{"line":164,"column":3}},"line":162},"19":{"name":"(anonymous_19)","decl":{"start":{"line":166,"column":2},"end":{"line":166,"column":3}},"loc":{"start":{"line":166,"column":22},"end":{"line":171,"column":3}},"line":166}},"branchMap":{"0":{"loc":{"start":{"line":41,"column":4},"end":{"line":43,"column":5}},"type":"if","locations":[{"start":{"line":41,"column":4},"end":{"line":43,"column":5}},{"start":{"line":41,"column":4},"end":{"line":43,"column":5}}],"line":41},"1":{"loc":{"start":{"line":44,"column":4},"end":{"line":46,"column":5}},"type":"if","locations":[{"start":{"line":44,"column":4},"end":{"line":46,"column":5}},{"start":{"line":44,"column":4},"end":{"line":46,"column":5}}],"line":44},"2":{"loc":{"start":{"line":47,"column":4},"end":{"line":49,"column":5}},"type":"if","locations":[{"start":{"line":47,"column":4},"end":{"line":49,"column":5}},{"start":{"line":47,"column":4},"end":{"line":49,"column":5}}],"line":47},"3":{"loc":{"start":{"line":50,"column":4},"end":{"line":52,"column":5}},"type":"if","locations":[{"start":{"line":50,"column":4},"end":{"line":52,"column":5}},{"start":{"line":50,"column":4},"end":{"line":52,"column":5}}],"line":50},"4":{"loc":{"start":{"line":82,"column":4},"end":{"line":84,"column":5}},"type":"if","locations":[{"start":{"line":82,"column":4},"end":{"line":84,"column":5}},{"start":{"line":82,"column":4},"end":{"line":84,"column":5}}],"line":82},"5":{"loc":{"start":{"line":85,"column":4},"end":{"line":87,"column":5}},"type":"if","locations":[{"start":{"line":85,"column":4},"end":{"line":87,"column":5}},{"start":{"line":85,"column":4},"end":{"line":87,"column":5}}],"line":85},"6":{"loc":{"start":{"line":104,"column":4},"end":{"line":106,"column":5}},"type":"if","locations":[{"start":{"line":104,"column":4},"end":{"line":106,"column":5}},{"start":{"line":104,"column":4},"end":{"line":106,"column":5}}],"line":104},"7":{"loc":{"start":{"line":107,"column":4},"end":{"line":109,"column":5}},"type":"if","locations":[{"start":{"line":107,"column":4},"end":{"line":109,"column":5}},{"start":{"line":107,"column":4},"end":{"line":109,"column":5}}],"line":107},"8":{"loc":{"start":{"line":159,"column":11},"end":{"line":159,"column":89}},"type":"cond-expr","locations":[{"start":{"line":159,"column":52},"end":{"line":159,"column":70}},{"start":{"line":159,"column":73},"end":{"line":159,"column":89}}],"line":159},"9":{"loc":{"start":{"line":163,"column":11},"end":{"line":163,"column":83}},"type":"cond-expr","locations":[{"start":{"line":163,"column":50},"end":{"line":163,"column":66}},{"start":{"line":163,"column":69},"end":{"line":163,"column":83}}],"line":163}},"s":{"0":0,"1":6,"2":6,"3":6,"4":6,"5":0,"6":0,"7":0,"8":0,"9":0,"10":0,"11":0,"12":0,"13":0,"14":0,"15":0,"16":6,"17":6,"18":6,"19":0,"20":0,"21":0,"22":0,"23":0,"24":0,"25":0,"26":0,"27":0,"28":0,"29":0,"30":0,"31":0,"32":0,"33":0,"34":0,"35":0,"36":0,"37":0,"38":0,"39":0,"40":0,"41":0,"42":0,"43":0,"44":0,"45":0,"46":0,"47":0,"48":0,"49":0,"50":0,"51":0,"52":0,"53":0,"54":0,"55":0,"56":0,"57":0,"58":0,"59":0,"60":0,"61":0,"62":0,"63":0,"64":0,"65":0,"66":0},"f":{"0":6,"1":0,"2":0,"3":6,"4":6,"5":0,"6":6,"7":0,"8":0,"9":0,"10":0,"11":0,"12":0,"13":0,"14":0,"15":0,"16":0,"17":0,"18":0,"19":0},"b":{"0":[0,0],"1":[0,0],"2":[0,0],"3":[0,0],"4":[0,0],"5":[0,0],"6":[0,0],"7":[0,0],"8":[0,0],"9":[0,0]},"_coverageSchema":"43e27e138ebf9cfc5966b082cf9a028302ed4184","hash":"3acfedf4bea883567ecc83302c133f633e38260c"}
,"/Users/vladimirmyskov/Sites/dragee/src/draggable.js": {"path":"/Users/vladimirmyskov/Sites/dragee/src/draggable.js","statementMap":{"0":{"start":{"line":11,"column":16},"end":{"line":11,"column":40}},"1":{"start":{"line":12,"column":20},"end":{"line":16,"column":1}},"2":{"start":{"line":17,"column":20},"end":{"line":21,"column":1}},"3":{"start":{"line":22,"column":19},"end":{"line":22,"column":21}},"4":{"start":{"line":23,"column":26},"end":{"line":23,"column":55}},"5":{"start":{"line":24,"column":27},"end":{"line":24,"column":57}},"6":{"start":{"line":27,"column":2},"end":{"line":31,"column":3}},"7":{"start":{"line":27,"column":15},"end":{"line":27,"column":16}},"8":{"start":{"line":28,"column":4},"end":{"line":30,"column":5}},"9":{"start":{"line":29,"column":6},"end":{"line":29,"column":38}},"10":{"start":{"line":32,"column":2},"end":{"line":32,"column":14}},"11":{"start":{"line":36,"column":18},"end":{"line":36,"column":94}},"12":{"start":{"line":37,"column":2},"end":{"line":39,"column":3}},"13":{"start":{"line":37,"column":36},"end":{"line":37,"column":74}},"14":{"start":{"line":38,"column":4},"end":{"line":38,"column":17}},"15":{"start":{"line":40,"column":2},"end":{"line":40,"column":28}},"16":{"start":{"line":44,"column":2},"end":{"line":44,"column":38}},"17":{"start":{"line":48,"column":13},"end":{"line":48,"column":44}},"18":{"start":{"line":50,"column":2},"end":{"line":55,"column":3}},"19":{"start":{"line":50,"column":15},"end":{"line":50,"column":16}},"20":{"start":{"line":51,"column":16},"end":{"line":51,"column":21}},"21":{"start":{"line":52,"column":4},"end":{"line":54,"column":5}},"22":{"start":{"line":53,"column":6},"end":{"line":53,"column":38}},"23":{"start":{"line":57,"column":2},"end":{"line":59,"column":3}},"24":{"start":{"line":57,"column":15},"end":{"line":57,"column":16}},"25":{"start":{"line":58,"column":4},"end":{"line":58,"column":59}},"26":{"start":{"line":64,"column":4},"end":{"line":64,"column":29}},"27":{"start":{"line":65,"column":4},"end":{"line":65,"column":21}},"28":{"start":{"line":66,"column":4},"end":{"line":66,"column":26}},"29":{"start":{"line":67,"column":4},"end":{"line":67,"column":26}},"30":{"start":{"line":68,"column":4},"end":{"line":68,"column":27}},"31":{"start":{"line":69,"column":4},"end":{"line":69,"column":52}},"32":{"start":{"line":70,"column":4},"end":{"line":70,"column":23}},"33":{"start":{"line":71,"column":4},"end":{"line":71,"column":24}},"34":{"start":{"line":72,"column":4},"end":{"line":72,"column":27}},"35":{"start":{"line":73,"column":4},"end":{"line":73,"column":25}},"36":{"start":{"line":77,"column":4},"end":{"line":77,"column":88}},"37":{"start":{"line":81,"column":4},"end":{"line":81,"column":32}},"38":{"start":{"line":82,"column":4},"end":{"line":82,"column":70}},"39":{"start":{"line":83,"column":4},"end":{"line":83,"column":37}},"40":{"start":{"line":84,"column":4},"end":{"line":84,"column":31}},"41":{"start":{"line":85,"column":4},"end":{"line":85,"column":63}},"42":{"start":{"line":87,"column":4},"end":{"line":87,"column":42}},"43":{"start":{"line":89,"column":4},"end":{"line":91,"column":5}},"44":{"start":{"line":90,"column":6},"end":{"line":90,"column":26}},"45":{"start":{"line":95,"column":4},"end":{"line":95,"column":54}},"46":{"start":{"line":95,"column":33},"end":{"line":95,"column":54}},"47":{"start":{"line":96,"column":4},"end":{"line":96,"column":52}},"48":{"start":{"line":96,"column":32},"end":{"line":96,"column":52}},"49":{"start":{"line":97,"column":4},"end":{"line":97,"column":50}},"50":{"start":{"line":97,"column":31},"end":{"line":97,"column":50}},"51":{"start":{"line":98,"column":4},"end":{"line":98,"column":66}},"52":{"start":{"line":98,"column":39},"end":{"line":98,"column":66}},"53":{"start":{"line":99,"column":4},"end":{"line":99,"column":64}},"54":{"start":{"line":99,"column":38},"end":{"line":99,"column":64}},"55":{"start":{"line":100,"column":4},"end":{"line":100,"column":62}},"56":{"start":{"line":100,"column":37},"end":{"line":100,"column":62}},"57":{"start":{"line":101,"column":4},"end":{"line":101,"column":56}},"58":{"start":{"line":101,"column":34},"end":{"line":101,"column":56}},"59":{"start":{"line":102,"column":4},"end":{"line":102,"column":50}},"60":{"start":{"line":102,"column":30},"end":{"line":102,"column":50}},"61":{"start":{"line":104,"column":4},"end":{"line":104,"column":122}},"62":{"start":{"line":105,"column":4},"end":{"line":105,"column":122}},"63":{"start":{"line":106,"column":4},"end":{"line":106,"column":69}},"64":{"start":{"line":110,"column":4},"end":{"line":110,"column":73}},"65":{"start":{"line":114,"column":4},"end":{"line":114,"column":79}},"66":{"start":{"line":115,"column":4},"end":{"line":115,"column":24}},"67":{"start":{"line":119,"column":4},"end":{"line":119,"column":54}},"68":{"start":{"line":123,"column":4},"end":{"line":123,"column":102}},"69":{"start":{"line":127,"column":21},"end":{"line":127,"column":59}},"70":{"start":{"line":128,"column":26},"end":{"line":128,"column":47}},"71":{"start":{"line":130,"column":4},"end":{"line":138,"column":5}},"72":{"start":{"line":131,"column":6},"end":{"line":135,"column":7}},"73":{"start":{"line":132,"column":8},"end":{"line":132,"column":42}},"74":{"start":{"line":134,"column":8},"end":{"line":134,"column":34}},"75":{"start":{"line":137,"column":6},"end":{"line":137,"column":72}},"76":{"start":{"line":140,"column":4},"end":{"line":140,"column":55}},"77":{"start":{"line":144,"column":4},"end":{"line":144,"column":35}},"78":{"start":{"line":145,"column":25},"end":{"line":145,"column":71}},"79":{"start":{"line":147,"column":20},"end":{"line":147,"column":57}},"80":{"start":{"line":149,"column":4},"end":{"line":158,"column":5}},"81":{"start":{"line":150,"column":6},"end":{"line":150,"column":63}},"82":{"start":{"line":151,"column":11},"end":{"line":158,"column":5}},"83":{"start":{"line":152,"column":6},"end":{"line":154,"column":7}},"84":{"start":{"line":153,"column":8},"end":{"line":153,"column":24}},"85":{"start":{"line":155,"column":6},"end":{"line":155,"column":31}},"86":{"start":{"line":157,"column":6},"end":{"line":157,"column":73}},"87":{"start":{"line":160,"column":4},"end":{"line":160,"column":53}},"88":{"start":{"line":164,"column":4},"end":{"line":164,"column":25}},"89":{"start":{"line":166,"column":4},"end":{"line":166,"column":34}},"90":{"start":{"line":167,"column":4},"end":{"line":167,"column":25}},"91":{"start":{"line":169,"column":4},"end":{"line":169,"column":29}},"92":{"start":{"line":170,"column":4},"end":{"line":170,"column":46}},"93":{"start":{"line":172,"column":4},"end":{"line":174,"column":5}},"94":{"start":{"line":173,"column":6},"end":{"line":173,"column":28}},"95":{"start":{"line":178,"column":4},"end":{"line":178,"column":39}},"96":{"start":{"line":179,"column":4},"end":{"line":179,"column":48}},"97":{"start":{"line":183,"column":4},"end":{"line":183,"column":42}},"98":{"start":{"line":187,"column":4},"end":{"line":187,"column":40}},"99":{"start":{"line":191,"column":4},"end":{"line":191,"column":25}},"100":{"start":{"line":192,"column":4},"end":{"line":192,"column":25}},"101":{"start":{"line":193,"column":4},"end":{"line":193,"column":26}},"102":{"start":{"line":194,"column":4},"end":{"line":194,"column":46}},"103":{"start":{"line":198,"column":4},"end":{"line":198,"column":52}},"104":{"start":{"line":199,"column":4},"end":{"line":199,"column":53}},"105":{"start":{"line":200,"column":4},"end":{"line":200,"column":50}},"106":{"start":{"line":201,"column":4},"end":{"line":201,"column":52}},"107":{"start":{"line":205,"column":4},"end":{"line":205,"column":29}},"108":{"start":{"line":206,"column":4},"end":{"line":208,"column":5}},"109":{"start":{"line":207,"column":6},"end":{"line":207,"column":12}},"110":{"start":{"line":210,"column":26},"end":{"line":210,"column":73}},"111":{"start":{"line":212,"column":4},"end":{"line":215,"column":5}},"112":{"start":{"line":217,"column":4},"end":{"line":217,"column":44}},"113":{"start":{"line":218,"column":4},"end":{"line":220,"column":5}},"114":{"start":{"line":219,"column":6},"end":{"line":219,"column":56}},"115":{"start":{"line":222,"column":4},"end":{"line":222,"column":70}},"116":{"start":{"line":224,"column":4},"end":{"line":224,"column":27}},"117":{"start":{"line":225,"column":4},"end":{"line":228,"column":5}},"118":{"start":{"line":227,"column":6},"end":{"line":227,"column":26}},"119":{"start":{"line":230,"column":4},"end":{"line":234,"column":5}},"120":{"start":{"line":233,"column":6},"end":{"line":233,"column":28}},"121":{"start":{"line":236,"column":4},"end":{"line":252,"column":5}},"122":{"start":{"line":237,"column":23},"end":{"line":237,"column":82}},"123":{"start":{"line":238,"column":6},"end":{"line":245,"column":7}},"124":{"start":{"line":241,"column":8},"end":{"line":241,"column":44}},"125":{"start":{"line":243,"column":8},"end":{"line":243,"column":37}},"126":{"start":{"line":244,"column":8},"end":{"line":244,"column":124}},"127":{"start":{"line":247,"column":6},"end":{"line":247,"column":118}},"128":{"start":{"line":248,"column":6},"end":{"line":248,"column":118}},"129":{"start":{"line":250,"column":6},"end":{"line":250,"column":116}},"130":{"start":{"line":251,"column":6},"end":{"line":251,"column":116}},"131":{"start":{"line":254,"column":4},"end":{"line":254,"column":51}},"132":{"start":{"line":256,"column":4},"end":{"line":256,"column":26}},"133":{"start":{"line":257,"column":4},"end":{"line":257,"column":27}},"134":{"start":{"line":258,"column":4},"end":{"line":258,"column":43}},"135":{"start":{"line":259,"column":4},"end":{"line":259,"column":26}},"136":{"start":{"line":263,"column":4},"end":{"line":263,"column":66}},"137":{"start":{"line":264,"column":4},"end":{"line":264,"column":66}},"138":{"start":{"line":265,"column":4},"end":{"line":265,"column":64}},"139":{"start":{"line":266,"column":4},"end":{"line":266,"column":64}},"140":{"start":{"line":267,"column":4},"end":{"line":267,"column":66}},"141":{"start":{"line":268,"column":4},"end":{"line":268,"column":64}},"142":{"start":{"line":269,"column":4},"end":{"line":269,"column":70}},"143":{"start":{"line":270,"column":4},"end":{"line":270,"column":58}},"144":{"start":{"line":271,"column":4},"end":{"line":271,"column":58}},"145":{"start":{"line":272,"column":4},"end":{"line":272,"column":54}},"146":{"start":{"line":273,"column":4},"end":{"line":273,"column":34}},"147":{"start":{"line":274,"column":4},"end":{"line":274,"column":27}},"148":{"start":{"line":275,"column":4},"end":{"line":275,"column":46}},"149":{"start":{"line":279,"column":4},"end":{"line":279,"column":29}},"150":{"start":{"line":282,"column":26},"end":{"line":282,"column":73}},"151":{"start":{"line":283,"column":4},"end":{"line":289,"column":5}},"152":{"start":{"line":284,"column":6},"end":{"line":284,"column":48}},"153":{"start":{"line":286,"column":6},"end":{"line":288,"column":7}},"154":{"start":{"line":287,"column":8},"end":{"line":287,"column":14}},"155":{"start":{"line":291,"column":4},"end":{"line":291,"column":27}},"156":{"start":{"line":292,"column":4},"end":{"line":292,"column":26}},"157":{"start":{"line":293,"column":4},"end":{"line":296,"column":5}},"158":{"start":{"line":298,"column":16},"end":{"line":299,"column":85}},"159":{"start":{"line":301,"column":4},"end":{"line":301,"column":45}},"160":{"start":{"line":302,"column":4},"end":{"line":302,"column":20}},"161":{"start":{"line":306,"column":26},"end":{"line":306,"column":73}},"162":{"start":{"line":308,"column":4},"end":{"line":310,"column":5}},"163":{"start":{"line":309,"column":6},"end":{"line":309,"column":12}},"164":{"start":{"line":312,"column":4},"end":{"line":312,"column":27}},"165":{"start":{"line":313,"column":4},"end":{"line":313,"column":26}},"166":{"start":{"line":314,"column":4},"end":{"line":314,"column":24}},"167":{"start":{"line":315,"column":4},"end":{"line":315,"column":25}},"168":{"start":{"line":317,"column":4},"end":{"line":317,"column":66}},"169":{"start":{"line":318,"column":4},"end":{"line":318,"column":66}},"170":{"start":{"line":320,"column":4},"end":{"line":320,"column":64}},"171":{"start":{"line":321,"column":4},"end":{"line":321,"column":64}},"172":{"start":{"line":323,"column":4},"end":{"line":323,"column":54}},"173":{"start":{"line":325,"column":4},"end":{"line":325,"column":27}},"174":{"start":{"line":326,"column":4},"end":{"line":326,"column":45}},"175":{"start":{"line":327,"column":4},"end":{"line":327,"column":46}},"176":{"start":{"line":331,"column":16},"end":{"line":332,"column":85}},"177":{"start":{"line":334,"column":4},"end":{"line":334,"column":45}},"178":{"start":{"line":335,"column":4},"end":{"line":337,"column":5}},"179":{"start":{"line":336,"column":6},"end":{"line":336,"column":22}},"180":{"start":{"line":341,"column":4},"end":{"line":341,"column":53}},"181":{"start":{"line":342,"column":4},"end":{"line":342,"column":45}},"182":{"start":{"line":343,"column":4},"end":{"line":343,"column":63}},"183":{"start":{"line":344,"column":4},"end":{"line":344,"column":61}},"184":{"start":{"line":345,"column":4},"end":{"line":345,"column":55}},"185":{"start":{"line":349,"column":4},"end":{"line":349,"column":26}},"186":{"start":{"line":350,"column":4},"end":{"line":350,"column":42}},"187":{"start":{"line":351,"column":4},"end":{"line":351,"column":48}},"188":{"start":{"line":352,"column":4},"end":{"line":352,"column":29}},"189":{"start":{"line":353,"column":4},"end":{"line":355,"column":5}},"190":{"start":{"line":354,"column":6},"end":{"line":354,"column":12}},"191":{"start":{"line":357,"column":4},"end":{"line":357,"column":61}},"192":{"start":{"line":358,"column":16},"end":{"line":359,"column":85}},"193":{"start":{"line":360,"column":4},"end":{"line":360,"column":45}},"194":{"start":{"line":361,"column":4},"end":{"line":361,"column":25}},"195":{"start":{"line":362,"column":4},"end":{"line":362,"column":26}},"196":{"start":{"line":366,"column":4},"end":{"line":366,"column":51}},"197":{"start":{"line":367,"column":4},"end":{"line":367,"column":24}},"198":{"start":{"line":368,"column":4},"end":{"line":368,"column":25}},"199":{"start":{"line":369,"column":4},"end":{"line":369,"column":66}},"200":{"start":{"line":370,"column":4},"end":{"line":370,"column":64}},"201":{"start":{"line":371,"column":4},"end":{"line":371,"column":70}},"202":{"start":{"line":372,"column":4},"end":{"line":372,"column":58}},"203":{"start":{"line":373,"column":4},"end":{"line":373,"column":54}},"204":{"start":{"line":374,"column":4},"end":{"line":374,"column":27}},"205":{"start":{"line":375,"column":4},"end":{"line":375,"column":45}},"206":{"start":{"line":376,"column":4},"end":{"line":376,"column":46}},"207":{"start":{"line":380,"column":4},"end":{"line":380,"column":27}},"208":{"start":{"line":381,"column":4},"end":{"line":381,"column":26}},"209":{"start":{"line":385,"column":23},"end":{"line":385,"column":58}},"210":{"start":{"line":386,"column":26},"end":{"line":386,"column":54}},"211":{"start":{"line":387,"column":4},"end":{"line":387,"column":47}},"212":{"start":{"line":388,"column":4},"end":{"line":388,"column":43}},"213":{"start":{"line":389,"column":4},"end":{"line":389,"column":45}},"214":{"start":{"line":390,"column":4},"end":{"line":390,"column":44}},"215":{"start":{"line":391,"column":4},"end":{"line":391,"column":48}},"216":{"start":{"line":393,"column":31},"end":{"line":412,"column":6}},"217":{"start":{"line":396,"column":8},"end":{"line":396,"column":20}},"218":{"start":{"line":400,"column":34},"end":{"line":400,"column":76}},"219":{"start":{"line":401,"column":10},"end":{"line":402,"column":81}},"220":{"start":{"line":403,"column":10},"end":{"line":403,"column":32}},"221":{"start":{"line":406,"column":10},"end":{"line":406,"column":38}},"222":{"start":{"line":407,"column":10},"end":{"line":407,"column":50}},"223":{"start":{"line":408,"column":10},"end":{"line":408,"column":57}},"224":{"start":{"line":409,"column":10},"end":{"line":409,"column":52}},"225":{"start":{"line":414,"column":28},"end":{"line":414,"column":70}},"226":{"start":{"line":415,"column":4},"end":{"line":415,"column":65}},"227":{"start":{"line":417,"column":4},"end":{"line":419,"column":5}},"228":{"start":{"line":421,"column":4},"end":{"line":421,"column":39}},"229":{"start":{"line":425,"column":4},"end":{"line":425,"column":35}},"230":{"start":{"line":429,"column":4},"end":{"line":429,"column":55}},"231":{"start":{"line":433,"column":4},"end":{"line":435,"column":5}},"232":{"start":{"line":434,"column":6},"end":{"line":434,"column":26}},"233":{"start":{"line":439,"column":4},"end":{"line":439,"column":72}},"234":{"start":{"line":440,"column":4},"end":{"line":440,"column":72}},"235":{"start":{"line":441,"column":4},"end":{"line":441,"column":72}},"236":{"start":{"line":442,"column":4},"end":{"line":442,"column":66}},"237":{"start":{"line":443,"column":4},"end":{"line":443,"column":66}},"238":{"start":{"line":444,"column":4},"end":{"line":444,"column":64}},"239":{"start":{"line":445,"column":4},"end":{"line":445,"column":64}},"240":{"start":{"line":446,"column":4},"end":{"line":446,"column":66}},"241":{"start":{"line":447,"column":4},"end":{"line":447,"column":64}},"242":{"start":{"line":448,"column":4},"end":{"line":448,"column":70}},"243":{"start":{"line":449,"column":4},"end":{"line":449,"column":58}},"244":{"start":{"line":450,"column":4},"end":{"line":450,"column":23}},"245":{"start":{"line":452,"column":18},"end":{"line":452,"column":42}},"246":{"start":{"line":453,"column":4},"end":{"line":455,"column":5}},"247":{"start":{"line":454,"column":6},"end":{"line":454,"column":33}},"248":{"start":{"line":459,"column":4},"end":{"line":459,"column":97}},"249":{"start":{"line":463,"column":4},"end":{"line":469,"column":5}},"250":{"start":{"line":464,"column":6},"end":{"line":468,"column":7}},"251":{"start":{"line":465,"column":8},"end":{"line":465,"column":88}},"252":{"start":{"line":467,"column":8},"end":{"line":467,"column":60}},"253":{"start":{"line":471,"column":4},"end":{"line":471,"column":24}},"254":{"start":{"line":475,"column":4},"end":{"line":475,"column":50}},"255":{"start":{"line":479,"column":4},"end":{"line":479,"column":63}},"256":{"start":{"line":483,"column":4},"end":{"line":483,"column":63}},"257":{"start":{"line":487,"column":4},"end":{"line":487,"column":58}},"258":{"start":{"line":491,"column":4},"end":{"line":491,"column":52}},"259":{"start":{"line":495,"column":4},"end":{"line":495,"column":23}},"260":{"start":{"line":499,"column":4},"end":{"line":503,"column":5}},"261":{"start":{"line":500,"column":6},"end":{"line":500,"column":49}},"262":{"start":{"line":502,"column":6},"end":{"line":502,"column":46}},"263":{"start":{"line":505,"column":4},"end":{"line":505,"column":32}},"264":{"start":{"line":509,"column":0},"end":{"line":509,"column":47}},"265":{"start":{"line":510,"column":0},"end":{"line":510,"column":59}}},"fnMap":{"0":{"name":"getTouchByID","decl":{"start":{"line":26,"column":9},"end":{"line":26,"column":21}},"loc":{"start":{"line":26,"column":40},"end":{"line":33,"column":1}},"line":26},"1":{"name":"preventDoubleInit","decl":{"start":{"line":35,"column":9},"end":{"line":35,"column":26}},"loc":{"start":{"line":35,"column":38},"end":{"line":41,"column":1}},"line":35},"2":{"name":"(anonymous_2)","decl":{"start":{"line":37,"column":22},"end":{"line":37,"column":23}},"loc":{"start":{"line":37,"column":36},"end":{"line":37,"column":74}},"line":37},"3":{"name":"addToDefaultScope","decl":{"start":{"line":43,"column":9},"end":{"line":43,"column":26}},"loc":{"start":{"line":43,"column":38},"end":{"line":45,"column":1}},"line":43},"4":{"name":"copyStyles","decl":{"start":{"line":47,"column":9},"end":{"line":47,"column":19}},"loc":{"start":{"line":47,"column":41},"end":{"line":60,"column":1}},"line":47},"5":{"name":"(anonymous_5)","decl":{"start":{"line":63,"column":2},"end":{"line":63,"column":3}},"loc":{"start":{"line":63,"column":35},"end":{"line":74,"column":3}},"line":63},"6":{"name":"(anonymous_6)","decl":{"start":{"line":76,"column":2},"end":{"line":76,"column":3}},"loc":{"start":{"line":76,"column":18},"end":{"line":78,"column":3}},"line":76},"7":{"name":"(anonymous_7)","decl":{"start":{"line":80,"column":2},"end":{"line":80,"column":3}},"loc":{"start":{"line":80,"column":21},"end":{"line":92,"column":3}},"line":80},"8":{"name":"(anonymous_8)","decl":{"start":{"line":94,"column":2},"end":{"line":94,"column":3}},"loc":{"start":{"line":94,"column":19},"end":{"line":107,"column":3}},"line":94},"9":{"name":"(anonymous_9)","decl":{"start":{"line":95,"column":22},"end":{"line":95,"column":23}},"loc":{"start":{"line":95,"column":33},"end":{"line":95,"column":54}},"line":95},"10":{"name":"(anonymous_10)","decl":{"start":{"line":96,"column":21},"end":{"line":96,"column":22}},"loc":{"start":{"line":96,"column":32},"end":{"line":96,"column":52}},"line":96},"11":{"name":"(anonymous_11)","decl":{"start":{"line":97,"column":20},"end":{"line":97,"column":21}},"loc":{"start":{"line":97,"column":31},"end":{"line":97,"column":50}},"line":97},"12":{"name":"(anonymous_12)","decl":{"start":{"line":98,"column":28},"end":{"line":98,"column":29}},"loc":{"start":{"line":98,"column":39},"end":{"line":98,"column":66}},"line":98},"13":{"name":"(anonymous_13)","decl":{"start":{"line":99,"column":27},"end":{"line":99,"column":28}},"loc":{"start":{"line":99,"column":38},"end":{"line":99,"column":64}},"line":99},"14":{"name":"(anonymous_14)","decl":{"start":{"line":100,"column":26},"end":{"line":100,"column":27}},"loc":{"start":{"line":100,"column":37},"end":{"line":100,"column":62}},"line":100},"15":{"name":"(anonymous_15)","decl":{"start":{"line":101,"column":23},"end":{"line":101,"column":24}},"loc":{"start":{"line":101,"column":34},"end":{"line":101,"column":56}},"line":101},"16":{"name":"(anonymous_16)","decl":{"start":{"line":102,"column":19},"end":{"line":102,"column":20}},"loc":{"start":{"line":102,"column":30},"end":{"line":102,"column":50}},"line":102},"17":{"name":"(anonymous_17)","decl":{"start":{"line":109,"column":2},"end":{"line":109,"column":3}},"loc":{"start":{"line":109,"column":12},"end":{"line":111,"column":3}},"line":109},"18":{"name":"(anonymous_18)","decl":{"start":{"line":113,"column":2},"end":{"line":113,"column":3}},"loc":{"start":{"line":113,"column":16},"end":{"line":116,"column":3}},"line":113},"19":{"name":"(anonymous_19)","decl":{"start":{"line":118,"column":2},"end":{"line":118,"column":3}},"loc":{"start":{"line":118,"column":14},"end":{"line":120,"column":3}},"line":118},"20":{"name":"(anonymous_20)","decl":{"start":{"line":122,"column":2},"end":{"line":122,"column":3}},"loc":{"start":{"line":122,"column":27},"end":{"line":124,"column":3}},"line":122},"21":{"name":"(anonymous_21)","decl":{"start":{"line":126,"column":2},"end":{"line":126,"column":3}},"loc":{"start":{"line":126,"column":23},"end":{"line":141,"column":3}},"line":126},"22":{"name":"(anonymous_22)","decl":{"start":{"line":143,"column":2},"end":{"line":143,"column":3}},"loc":{"start":{"line":143,"column":23},"end":{"line":161,"column":3}},"line":143},"23":{"name":"(anonymous_23)","decl":{"start":{"line":163,"column":2},"end":{"line":163,"column":3}},"loc":{"start":{"line":163,"column":38},"end":{"line":175,"column":3}},"line":163},"24":{"name":"(anonymous_24)","decl":{"start":{"line":177,"column":2},"end":{"line":177,"column":3}},"loc":{"start":{"line":177,"column":42},"end":{"line":180,"column":3}},"line":177},"25":{"name":"(anonymous_25)","decl":{"start":{"line":182,"column":2},"end":{"line":182,"column":3}},"loc":{"start":{"line":182,"column":28},"end":{"line":184,"column":3}},"line":182},"26":{"name":"(anonymous_26)","decl":{"start":{"line":186,"column":2},"end":{"line":186,"column":3}},"loc":{"start":{"line":186,"column":21},"end":{"line":188,"column":3}},"line":186},"27":{"name":"(anonymous_27)","decl":{"start":{"line":190,"column":2},"end":{"line":190,"column":3}},"loc":{"start":{"line":190,"column":21},"end":{"line":195,"column":3}},"line":190},"28":{"name":"(anonymous_28)","decl":{"start":{"line":197,"column":2},"end":{"line":197,"column":3}},"loc":{"start":{"line":197,"column":28},"end":{"line":202,"column":3}},"line":197},"29":{"name":"(anonymous_29)","decl":{"start":{"line":204,"column":2},"end":{"line":204,"column":3}},"loc":{"start":{"line":204,"column":19},"end":{"line":260,"column":3}},"line":204},"30":{"name":"(anonymous_30)","decl":{"start":{"line":262,"column":2},"end":{"line":262,"column":3}},"loc":{"start":{"line":262,"column":17},"end":{"line":276,"column":3}},"line":262},"31":{"name":"(anonymous_31)","decl":{"start":{"line":278,"column":2},"end":{"line":278,"column":3}},"loc":{"start":{"line":278,"column":18},"end":{"line":303,"column":3}},"line":278},"32":{"name":"(anonymous_32)","decl":{"start":{"line":305,"column":2},"end":{"line":305,"column":3}},"loc":{"start":{"line":305,"column":17},"end":{"line":328,"column":3}},"line":305},"33":{"name":"(anonymous_33)","decl":{"start":{"line":330,"column":2},"end":{"line":330,"column":3}},"loc":{"start":{"line":330,"column":19},"end":{"line":338,"column":3}},"line":330},"34":{"name":"(anonymous_34)","decl":{"start":{"line":340,"column":2},"end":{"line":340,"column":3}},"loc":{"start":{"line":340,"column":25},"end":{"line":346,"column":3}},"line":340},"35":{"name":"(anonymous_35)","decl":{"start":{"line":348,"column":2},"end":{"line":348,"column":3}},"loc":{"start":{"line":348,"column":24},"end":{"line":363,"column":3}},"line":348},"36":{"name":"(anonymous_36)","decl":{"start":{"line":365,"column":2},"end":{"line":365,"column":3}},"loc":{"start":{"line":365,"column":24},"end":{"line":377,"column":3}},"line":365},"37":{"name":"(anonymous_37)","decl":{"start":{"line":379,"column":2},"end":{"line":379,"column":3}},"loc":{"start":{"line":379,"column":20},"end":{"line":382,"column":3}},"line":379},"38":{"name":"(anonymous_38)","decl":{"start":{"line":384,"column":2},"end":{"line":384,"column":3}},"loc":{"start":{"line":384,"column":34},"end":{"line":422,"column":3}},"line":384},"39":{"name":"(anonymous_39)","decl":{"start":{"line":395,"column":6},"end":{"line":395,"column":7}},"loc":{"start":{"line":395,"column":19},"end":{"line":397,"column":7}},"line":395},"40":{"name":"(anonymous_40)","decl":{"start":{"line":399,"column":21},"end":{"line":399,"column":22}},"loc":{"start":{"line":399,"column":27},"end":{"line":404,"column":9}},"line":399},"41":{"name":"(anonymous_41)","decl":{"start":{"line":405,"column":20},"end":{"line":405,"column":21}},"loc":{"start":{"line":405,"column":26},"end":{"line":410,"column":9}},"line":405},"42":{"name":"(anonymous_42)","decl":{"start":{"line":424,"column":2},"end":{"line":424,"column":3}},"loc":{"start":{"line":424,"column":18},"end":{"line":426,"column":3}},"line":424},"43":{"name":"(anonymous_43)","decl":{"start":{"line":428,"column":2},"end":{"line":428,"column":3}},"loc":{"start":{"line":428,"column":17},"end":{"line":430,"column":3}},"line":428},"44":{"name":"(anonymous_44)","decl":{"start":{"line":432,"column":2},"end":{"line":432,"column":3}},"loc":{"start":{"line":432,"column":12},"end":{"line":436,"column":3}},"line":432},"45":{"name":"(anonymous_45)","decl":{"start":{"line":438,"column":2},"end":{"line":438,"column":3}},"loc":{"start":{"line":438,"column":12},"end":{"line":456,"column":3}},"line":438},"46":{"name":"(anonymous_46)","decl":{"start":{"line":458,"column":2},"end":{"line":458,"column":3}},"loc":{"start":{"line":458,"column":15},"end":{"line":460,"column":3}},"line":458},"47":{"name":"(anonymous_47)","decl":{"start":{"line":462,"column":2},"end":{"line":462,"column":3}},"loc":{"start":{"line":462,"column":16},"end":{"line":472,"column":3}},"line":462},"48":{"name":"(anonymous_48)","decl":{"start":{"line":474,"column":2},"end":{"line":474,"column":3}},"loc":{"start":{"line":474,"column":26},"end":{"line":476,"column":3}},"line":474},"49":{"name":"(anonymous_49)","decl":{"start":{"line":478,"column":2},"end":{"line":478,"column":3}},"loc":{"start":{"line":478,"column":40},"end":{"line":480,"column":3}},"line":478},"50":{"name":"(anonymous_50)","decl":{"start":{"line":482,"column":2},"end":{"line":482,"column":3}},"loc":{"start":{"line":482,"column":39},"end":{"line":484,"column":3}},"line":482},"51":{"name":"(anonymous_51)","decl":{"start":{"line":486,"column":2},"end":{"line":486,"column":3}},"loc":{"start":{"line":486,"column":34},"end":{"line":488,"column":3}},"line":486},"52":{"name":"(anonymous_52)","decl":{"start":{"line":490,"column":2},"end":{"line":490,"column":3}},"loc":{"start":{"line":490,"column":20},"end":{"line":492,"column":3}},"line":490},"53":{"name":"(anonymous_53)","decl":{"start":{"line":494,"column":2},"end":{"line":494,"column":3}},"loc":{"start":{"line":494,"column":15},"end":{"line":496,"column":3}},"line":494},"54":{"name":"(anonymous_54)","decl":{"start":{"line":498,"column":2},"end":{"line":498,"column":3}},"loc":{"start":{"line":498,"column":21},"end":{"line":506,"column":3}},"line":498}},"branchMap":{"0":{"loc":{"start":{"line":28,"column":4},"end":{"line":30,"column":5}},"type":"if","locations":[{"start":{"line":28,"column":4},"end":{"line":30,"column":5}},{"start":{"line":28,"column":4},"end":{"line":30,"column":5}}],"line":28},"1":{"loc":{"start":{"line":37,"column":2},"end":{"line":39,"column":3}},"type":"if","locations":[{"start":{"line":37,"column":2},"end":{"line":39,"column":3}},{"start":{"line":37,"column":2},"end":{"line":39,"column":3}}],"line":37},"2":{"loc":{"start":{"line":52,"column":4},"end":{"line":54,"column":5}},"type":"if","locations":[{"start":{"line":52,"column":4},"end":{"line":54,"column":5}},{"start":{"line":52,"column":4},"end":{"line":54,"column":5}}],"line":52},"3":{"loc":{"start":{"line":52,"column":8},"end":{"line":52,"column":73}},"type":"binary-expr","locations":[{"start":{"line":52,"column":9},"end":{"line":52,"column":38}},{"start":{"line":52,"column":44},"end":{"line":52,"column":72}}],"line":52},"4":{"loc":{"start":{"line":63,"column":23},"end":{"line":63,"column":33}},"type":"default-arg","locations":[{"start":{"line":63,"column":31},"end":{"line":63,"column":33}}],"line":63},"5":{"loc":{"start":{"line":77,"column":17},"end":{"line":77,"column":88}},"type":"binary-expr","locations":[{"start":{"line":77,"column":17},"end":{"line":77,"column":35}},{"start":{"line":77,"column":39},"end":{"line":77,"column":88}}],"line":77},"6":{"loc":{"start":{"line":85,"column":27},"end":{"line":85,"column":63}},"type":"binary-expr","locations":[{"start":{"line":85,"column":27},"end":{"line":85,"column":48}},{"start":{"line":85,"column":52},"end":{"line":85,"column":63}}],"line":85},"7":{"loc":{"start":{"line":89,"column":4},"end":{"line":91,"column":5}},"type":"if","locations":[{"start":{"line":89,"column":4},"end":{"line":91,"column":5}},{"start":{"line":89,"column":4},"end":{"line":91,"column":5}}],"line":89},"8":{"loc":{"start":{"line":104,"column":70},"end":{"line":104,"column":121}},"type":"cond-expr","locations":[{"start":{"line":104,"column":95},"end":{"line":104,"column":113}},{"start":{"line":104,"column":116},"end":{"line":104,"column":121}}],"line":104},"9":{"loc":{"start":{"line":105,"column":70},"end":{"line":105,"column":121}},"type":"cond-expr","locations":[{"start":{"line":105,"column":95},"end":{"line":105,"column":113}},{"start":{"line":105,"column":116},"end":{"line":105,"column":121}}],"line":105},"10":{"loc":{"start":{"line":114,"column":36},"end":{"line":114,"column":78}},"type":"binary-expr","locations":[{"start":{"line":114,"column":36},"end":{"line":114,"column":59}},{"start":{"line":114,"column":63},"end":{"line":114,"column":78}}],"line":114},"11":{"loc":{"start":{"line":130,"column":4},"end":{"line":138,"column":5}},"type":"if","locations":[{"start":{"line":130,"column":4},"end":{"line":138,"column":5}},{"start":{"line":130,"column":4},"end":{"line":138,"column":5}}],"line":130},"12":{"loc":{"start":{"line":131,"column":6},"end":{"line":135,"column":7}},"type":"if","locations":[{"start":{"line":131,"column":6},"end":{"line":135,"column":7}},{"start":{"line":131,"column":6},"end":{"line":135,"column":7}}],"line":131},"13":{"loc":{"start":{"line":149,"column":4},"end":{"line":158,"column":5}},"type":"if","locations":[{"start":{"line":149,"column":4},"end":{"line":158,"column":5}},{"start":{"line":149,"column":4},"end":{"line":158,"column":5}}],"line":149},"14":{"loc":{"start":{"line":149,"column":8},"end":{"line":149,"column":72}},"type":"binary-expr","locations":[{"start":{"line":149,"column":8},"end":{"line":149,"column":38}},{"start":{"line":149,"column":42},"end":{"line":149,"column":55}},{"start":{"line":149,"column":59},"end":{"line":149,"column":72}}],"line":149},"15":{"loc":{"start":{"line":151,"column":11},"end":{"line":158,"column":5}},"type":"if","locations":[{"start":{"line":151,"column":11},"end":{"line":158,"column":5}},{"start":{"line":151,"column":11},"end":{"line":158,"column":5}}],"line":151},"16":{"loc":{"start":{"line":152,"column":6},"end":{"line":154,"column":7}},"type":"if","locations":[{"start":{"line":152,"column":6},"end":{"line":154,"column":7}},{"start":{"line":152,"column":6},"end":{"line":154,"column":7}}],"line":152},"17":{"loc":{"start":{"line":163,"column":14},"end":{"line":163,"column":20}},"type":"default-arg","locations":[{"start":{"line":163,"column":19},"end":{"line":163,"column":20}}],"line":163},"18":{"loc":{"start":{"line":163,"column":22},"end":{"line":163,"column":36}},"type":"default-arg","locations":[{"start":{"line":163,"column":31},"end":{"line":163,"column":36}}],"line":163},"19":{"loc":{"start":{"line":172,"column":4},"end":{"line":174,"column":5}},"type":"if","locations":[{"start":{"line":172,"column":4},"end":{"line":174,"column":5}},{"start":{"line":172,"column":4},"end":{"line":174,"column":5}}],"line":172},"20":{"loc":{"start":{"line":177,"column":21},"end":{"line":177,"column":27}},"type":"default-arg","locations":[{"start":{"line":177,"column":26},"end":{"line":177,"column":27}}],"line":177},"21":{"loc":{"start":{"line":177,"column":29},"end":{"line":177,"column":40}},"type":"default-arg","locations":[{"start":{"line":177,"column":36},"end":{"line":177,"column":40}}],"line":177},"22":{"loc":{"start":{"line":206,"column":4},"end":{"line":208,"column":5}},"type":"if","locations":[{"start":{"line":206,"column":4},"end":{"line":208,"column":5}},{"start":{"line":206,"column":4},"end":{"line":208,"column":5}}],"line":206},"23":{"loc":{"start":{"line":210,"column":26},"end":{"line":210,"column":73}},"type":"binary-expr","locations":[{"start":{"line":210,"column":26},"end":{"line":210,"column":33}},{"start":{"line":210,"column":38},"end":{"line":210,"column":72}}],"line":210},"24":{"loc":{"start":{"line":213,"column":6},"end":{"line":213,"column":66}},"type":"cond-expr","locations":[{"start":{"line":213,"column":21},"end":{"line":213,"column":50}},{"start":{"line":213,"column":53},"end":{"line":213,"column":66}}],"line":213},"25":{"loc":{"start":{"line":214,"column":6},"end":{"line":214,"column":66}},"type":"cond-expr","locations":[{"start":{"line":214,"column":21},"end":{"line":214,"column":50}},{"start":{"line":214,"column":53},"end":{"line":214,"column":66}}],"line":214},"26":{"loc":{"start":{"line":218,"column":4},"end":{"line":220,"column":5}},"type":"if","locations":[{"start":{"line":218,"column":4},"end":{"line":220,"column":5}},{"start":{"line":218,"column":4},"end":{"line":220,"column":5}}],"line":218},"27":{"loc":{"start":{"line":225,"column":4},"end":{"line":228,"column":5}},"type":"if","locations":[{"start":{"line":225,"column":4},"end":{"line":228,"column":5}},{"start":{"line":225,"column":4},"end":{"line":228,"column":5}}],"line":225},"28":{"loc":{"start":{"line":225,"column":8},"end":{"line":226,"column":57}},"type":"binary-expr","locations":[{"start":{"line":225,"column":8},"end":{"line":225,"column":55}},{"start":{"line":226,"column":10},"end":{"line":226,"column":57}}],"line":225},"29":{"loc":{"start":{"line":230,"column":4},"end":{"line":234,"column":5}},"type":"if","locations":[{"start":{"line":230,"column":4},"end":{"line":234,"column":5}},{"start":{"line":230,"column":4},"end":{"line":234,"column":5}}],"line":230},"30":{"loc":{"start":{"line":230,"column":10},"end":{"line":232,"column":59}},"type":"binary-expr","locations":[{"start":{"line":230,"column":10},"end":{"line":230,"column":32}},{"start":{"line":231,"column":12},"end":{"line":231,"column":59}},{"start":{"line":232,"column":12},"end":{"line":232,"column":59}}],"line":230},"31":{"loc":{"start":{"line":236,"column":4},"end":{"line":252,"column":5}},"type":"if","locations":[{"start":{"line":236,"column":4},"end":{"line":252,"column":5}},{"start":{"line":236,"column":4},"end":{"line":252,"column":5}}],"line":236},"32":{"loc":{"start":{"line":238,"column":6},"end":{"line":245,"column":7}},"type":"if","locations":[{"start":{"line":238,"column":6},"end":{"line":245,"column":7}},{"start":{"line":238,"column":6},"end":{"line":245,"column":7}}],"line":238},"33":{"loc":{"start":{"line":238,"column":10},"end":{"line":240,"column":48}},"type":"binary-expr","locations":[{"start":{"line":238,"column":11},"end":{"line":238,"column":23}},{"start":{"line":238,"column":27},"end":{"line":238,"column":63}},{"start":{"line":239,"column":13},"end":{"line":239,"column":21}},{"start":{"line":240,"column":13},"end":{"line":240,"column":48}}],"line":238},"34":{"loc":{"start":{"line":244,"column":72},"end":{"line":244,"column":123}},"type":"cond-expr","locations":[{"start":{"line":244,"column":97},"end":{"line":244,"column":115}},{"start":{"line":244,"column":118},"end":{"line":244,"column":123}}],"line":244},"35":{"loc":{"start":{"line":247,"column":66},"end":{"line":247,"column":117}},"type":"cond-expr","locations":[{"start":{"line":247,"column":91},"end":{"line":247,"column":109}},{"start":{"line":247,"column":112},"end":{"line":247,"column":117}}],"line":247},"36":{"loc":{"start":{"line":248,"column":66},"end":{"line":248,"column":117}},"type":"cond-expr","locations":[{"start":{"line":248,"column":91},"end":{"line":248,"column":109}},{"start":{"line":248,"column":112},"end":{"line":248,"column":117}}],"line":248},"37":{"loc":{"start":{"line":250,"column":64},"end":{"line":250,"column":115}},"type":"cond-expr","locations":[{"start":{"line":250,"column":89},"end":{"line":250,"column":107}},{"start":{"line":250,"column":110},"end":{"line":250,"column":115}}],"line":250},"38":{"loc":{"start":{"line":251,"column":64},"end":{"line":251,"column":115}},"type":"cond-expr","locations":[{"start":{"line":251,"column":89},"end":{"line":251,"column":107}},{"start":{"line":251,"column":110},"end":{"line":251,"column":115}}],"line":251},"39":{"loc":{"start":{"line":282,"column":26},"end":{"line":282,"column":73}},"type":"binary-expr","locations":[{"start":{"line":282,"column":26},"end":{"line":282,"column":33}},{"start":{"line":282,"column":38},"end":{"line":282,"column":72}}],"line":282},"40":{"loc":{"start":{"line":283,"column":4},"end":{"line":289,"column":5}},"type":"if","locations":[{"start":{"line":283,"column":4},"end":{"line":289,"column":5}},{"start":{"line":283,"column":4},"end":{"line":289,"column":5}}],"line":283},"41":{"loc":{"start":{"line":286,"column":6},"end":{"line":288,"column":7}},"type":"if","locations":[{"start":{"line":286,"column":6},"end":{"line":288,"column":7}},{"start":{"line":286,"column":6},"end":{"line":288,"column":7}}],"line":286},"42":{"loc":{"start":{"line":294,"column":6},"end":{"line":294,"column":48}},"type":"cond-expr","locations":[{"start":{"line":294,"column":21},"end":{"line":294,"column":32}},{"start":{"line":294,"column":35},"end":{"line":294,"column":48}}],"line":294},"43":{"loc":{"start":{"line":295,"column":6},"end":{"line":295,"column":48}},"type":"cond-expr","locations":[{"start":{"line":295,"column":21},"end":{"line":295,"column":32}},{"start":{"line":295,"column":35},"end":{"line":295,"column":48}}],"line":295},"44":{"loc":{"start":{"line":306,"column":26},"end":{"line":306,"column":73}},"type":"binary-expr","locations":[{"start":{"line":306,"column":26},"end":{"line":306,"column":33}},{"start":{"line":306,"column":38},"end":{"line":306,"column":72}}],"line":306},"45":{"loc":{"start":{"line":308,"column":4},"end":{"line":310,"column":5}},"type":"if","locations":[{"start":{"line":308,"column":4},"end":{"line":310,"column":5}},{"start":{"line":308,"column":4},"end":{"line":310,"column":5}}],"line":308},"46":{"loc":{"start":{"line":308,"column":8},"end":{"line":308,"column":59}},"type":"binary-expr","locations":[{"start":{"line":308,"column":8},"end":{"line":308,"column":20}},{"start":{"line":308,"column":24},"end":{"line":308,"column":59}}],"line":308},"47":{"loc":{"start":{"line":335,"column":4},"end":{"line":337,"column":5}},"type":"if","locations":[{"start":{"line":335,"column":4},"end":{"line":337,"column":5}},{"start":{"line":335,"column":4},"end":{"line":337,"column":5}}],"line":335},"48":{"loc":{"start":{"line":353,"column":4},"end":{"line":355,"column":5}},"type":"if","locations":[{"start":{"line":353,"column":4},"end":{"line":355,"column":5}},{"start":{"line":353,"column":4},"end":{"line":355,"column":5}}],"line":353},"49":{"loc":{"start":{"line":353,"column":8},"end":{"line":353,"column":50}},"type":"binary-expr","locations":[{"start":{"line":353,"column":8},"end":{"line":353,"column":27}},{"start":{"line":353,"column":31},"end":{"line":353,"column":50}}],"line":353},"50":{"loc":{"start":{"line":433,"column":4},"end":{"line":435,"column":5}},"type":"if","locations":[{"start":{"line":433,"column":4},"end":{"line":435,"column":5}},{"start":{"line":433,"column":4},"end":{"line":435,"column":5}}],"line":433},"51":{"loc":{"start":{"line":453,"column":4},"end":{"line":455,"column":5}},"type":"if","locations":[{"start":{"line":453,"column":4},"end":{"line":455,"column":5}},{"start":{"line":453,"column":4},"end":{"line":455,"column":5}}],"line":453},"52":{"loc":{"start":{"line":459,"column":27},"end":{"line":459,"column":96}},"type":"binary-expr","locations":[{"start":{"line":459,"column":27},"end":{"line":459,"column":39}},{"start":{"line":459,"column":43},"end":{"line":459,"column":62}},{"start":{"line":459,"column":66},"end":{"line":459,"column":96}}],"line":459},"53":{"loc":{"start":{"line":463,"column":4},"end":{"line":469,"column":5}},"type":"if","locations":[{"start":{"line":463,"column":4},"end":{"line":469,"column":5}},{"start":{"line":463,"column":4},"end":{"line":469,"column":5}}],"line":463},"54":{"loc":{"start":{"line":464,"column":6},"end":{"line":468,"column":7}},"type":"if","locations":[{"start":{"line":464,"column":6},"end":{"line":468,"column":7}},{"start":{"line":464,"column":6},"end":{"line":468,"column":7}}],"line":464},"55":{"loc":{"start":{"line":465,"column":24},"end":{"line":465,"column":88}},"type":"binary-expr","locations":[{"start":{"line":465,"column":24},"end":{"line":465,"column":72}},{"start":{"line":465,"column":76},"end":{"line":465,"column":88}}],"line":465},"56":{"loc":{"start":{"line":467,"column":24},"end":{"line":467,"column":60}},"type":"binary-expr","locations":[{"start":{"line":467,"column":24},"end":{"line":467,"column":44}},{"start":{"line":467,"column":48},"end":{"line":467,"column":60}}],"line":467},"57":{"loc":{"start":{"line":475,"column":11},"end":{"line":475,"column":50}},"type":"binary-expr","locations":[{"start":{"line":475,"column":11},"end":{"line":475,"column":41}},{"start":{"line":475,"column":45},"end":{"line":475,"column":50}}],"line":475},"58":{"loc":{"start":{"line":479,"column":11},"end":{"line":479,"column":63}},"type":"binary-expr","locations":[{"start":{"line":479,"column":11},"end":{"line":479,"column":55}},{"start":{"line":479,"column":59},"end":{"line":479,"column":63}}],"line":479},"59":{"loc":{"start":{"line":483,"column":11},"end":{"line":483,"column":63}},"type":"binary-expr","locations":[{"start":{"line":483,"column":11},"end":{"line":483,"column":54}},{"start":{"line":483,"column":58},"end":{"line":483,"column":63}}],"line":483},"60":{"loc":{"start":{"line":487,"column":11},"end":{"line":487,"column":58}},"type":"binary-expr","locations":[{"start":{"line":487,"column":11},"end":{"line":487,"column":49}},{"start":{"line":487,"column":53},"end":{"line":487,"column":58}}],"line":487},"61":{"loc":{"start":{"line":499,"column":4},"end":{"line":503,"column":5}},"type":"if","locations":[{"start":{"line":499,"column":4},"end":{"line":503,"column":5}},{"start":{"line":499,"column":4},"end":{"line":503,"column":5}}],"line":499}},"s":{"0":2,"1":2,"2":2,"3":2,"4":2,"5":2,"6":0,"7":0,"8":0,"9":0,"10":0,"11":6,"12":6,"13":6,"14":0,"15":6,"16":6,"17":0,"18":0,"19":0,"20":0,"21":0,"22":0,"23":0,"24":0,"25":0,"26":6,"27":6,"28":6,"29":6,"30":6,"31":6,"32":6,"33":6,"34":6,"35":6,"36":6,"37":6,"38":6,"39":6,"40":6,"41":6,"42":6,"43":6,"44":0,"45":6,"46":0,"47":6,"48":0,"49":6,"50":0,"51":6,"52":0,"53":6,"54":0,"55":6,"56":0,"57":6,"58":0,"59":6,"60":0,"61":6,"62":6,"63":6,"64":0,"65":0,"66":0,"67":0,"68":6,"69":15,"70":15,"71":15,"72":6,"73":0,"74":6,"75":9,"76":15,"77":15,"78":15,"79":15,"80":15,"81":2,"82":13,"83":6,"84":1,"85":6,"86":7,"87":15,"88":15,"89":15,"90":15,"91":15,"92":15,"93":15,"94":8,"95":7,"96":7,"97":0,"98":0,"99":0,"100":0,"101":0,"102":0,"103":15,"104":15,"105":15,"106":15,"107":0,"108":0,"109":0,"110":0,"111":0,"112":0,"113":0,"114":0,"115":0,"116":0,"117":0,"118":0,"119":0,"120":0,"121":0,"122":0,"123":0,"124":0,"125":0,"126":0,"127":0,"128":0,"129":0,"130":0,"131":0,"132":0,"133":0,"134":0,"135":0,"136":0,"137":0,"138":0,"139":0,"140":0,"141":0,"142":0,"143":0,"144":0,"145":0,"146":0,"147":0,"148":0,"149":0,"150":0,"151":0,"152":0,"153":0,"154":0,"155":0,"156":0,"157":0,"158":0,"159":0,"160":0,"161":0,"162":0,"163":0,"164":0,"165":0,"166":0,"167":0,"168":0,"169":0,"170":0,"171":0,"172":0,"173":0,"174":0,"175":0,"176":0,"177":0,"178":0,"179":0,"180":0,"181":0,"182":0,"183":0,"184":0,"185":0,"186":0,"187":0,"188":0,"189":0,"190":0,"191":0,"192":0,"193":0,"194":0,"195":0,"196":0,"197":0,"198":0,"199":0,"200":0,"201":0,"202":0,"203":0,"204":0,"205":0,"206":0,"207":0,"208":0,"209":0,"210":0,"211":0,"212":0,"213":0,"214":0,"215":0,"216":0,"217":0,"218":0,"219":0,"220":0,"221":0,"222":0,"223":0,"224":0,"225":0,"226":0,"227":0,"228":0,"229":0,"230":0,"231":0,"232":0,"233":0,"234":0,"235":0,"236":0,"237":0,"238":0,"239":0,"240":0,"241":0,"242":0,"243":0,"244":0,"245":0,"246":0,"247":0,"248":18,"249":12,"250":6,"251":0,"252":6,"253":12,"254":1,"255":0,"256":0,"257":15,"258":0,"259":0,"260":3,"261":3,"262":0,"263":3,"264":2,"265":2},"f":{"0":0,"1":6,"2":6,"3":6,"4":0,"5":6,"6":6,"7":6,"8":6,"9":0,"10":0,"11":0,"12":0,"13":0,"14":0,"15":0,"16":0,"17":0,"18":0,"19":0,"20":6,"21":15,"22":15,"23":15,"24":7,"25":0,"26":0,"27":0,"28":15,"29":0,"30":0,"31":0,"32":0,"33":0,"34":0,"35":0,"36":0,"37":0,"38":0,"39":0,"40":0,"41":0,"42":0,"43":0,"44":0,"45":0,"46":18,"47":12,"48":1,"49":0,"50":0,"51":15,"52":0,"53":0,"54":3},"b":{"0":[0,0],"1":[0,6],"2":[0,0],"3":[0,0],"4":[2],"5":[6,6],"6":[6,3],"7":[0,6],"8":[0,6],"9":[0,6],"10":[0,0],"11":[6,9],"12":[0,6],"13":[2,13],"14":[15,4,2],"15":[6,7],"16":[1,5],"17":[8],"18":[8],"19":[8,7],"20":[6],"21":[7],"22":[0,0],"23":[0,0],"24":[0,0],"25":[0,0],"26":[0,0],"27":[0,0],"28":[0,0],"29":[0,0],"30":[0,0,0],"31":[0,0],"32":[0,0],"33":[0,0,0,0],"34":[0,0],"35":[0,0],"36":[0,0],"37":[0,0],"38":[0,0],"39":[0,0],"40":[0,0],"41":[0,0],"42":[0,0],"43":[0,0],"44":[0,0],"45":[0,0],"46":[0,0],"47":[0,0],"48":[0,0],"49":[0,0],"50":[0,0],"51":[0,0],"52":[18,6,6],"53":[6,6],"54":[0,6],"55":[0,0],"56":[6,6],"57":[1,1],"58":[0,0],"59":[0,0],"60":[15,11],"61":[3,0]},"_coverageSchema":"43e27e138ebf9cfc5966b082cf9a028302ed4184","hash":"ab9e5e425b64324c151b6eef9d0d8c2aff7c1cf2"}
,"/Users/vladimirmyskov/Sites/dragee/src/eventEmitter.js": {"path":"/Users/vladimirmyskov/Sites/dragee/src/eventEmitter.js","statementMap":{"0":{"start":{"line":3,"column":4},"end":{"line":3,"column":34}},"1":{"start":{"line":4,"column":4},"end":{"line":4,"column":20}},"2":{"start":{"line":6,"column":4},"end":{"line":10,"column":5}},"3":{"start":{"line":7,"column":6},"end":{"line":9,"column":7}},"4":{"start":{"line":8,"column":8},"end":{"line":8,"column":30}},"5":{"start":{"line":14,"column":4},"end":{"line":14,"column":28}},"6":{"start":{"line":15,"column":17},"end":{"line":15,"column":44}},"7":{"start":{"line":17,"column":4},"end":{"line":17,"column":39}},"8":{"start":{"line":17,"column":33},"end":{"line":17,"column":39}},"9":{"start":{"line":19,"column":4},"end":{"line":24,"column":5}},"10":{"start":{"line":20,"column":6},"end":{"line":20,"column":36}},"11":{"start":{"line":21,"column":6},"end":{"line":23,"column":7}},"12":{"start":{"line":22,"column":8},"end":{"line":22,"column":14}},"13":{"start":{"line":28,"column":4},"end":{"line":28,"column":27}},"14":{"start":{"line":32,"column":4},"end":{"line":34,"column":5}},"15":{"start":{"line":33,"column":6},"end":{"line":33,"column":33}},"16":{"start":{"line":36,"column":4},"end":{"line":36,"column":35}},"17":{"start":{"line":40,"column":4},"end":{"line":42,"column":5}},"18":{"start":{"line":41,"column":6},"end":{"line":41,"column":33}},"19":{"start":{"line":44,"column":4},"end":{"line":44,"column":38}},"20":{"start":{"line":48,"column":4},"end":{"line":51,"column":5}},"21":{"start":{"line":49,"column":20},"end":{"line":49,"column":54}},"22":{"start":{"line":50,"column":6},"end":{"line":50,"column":45}},"23":{"start":{"line":55,"column":4},"end":{"line":55,"column":20}},"24":{"start":{"line":59,"column":4},"end":{"line":59,"column":31}}},"fnMap":{"0":{"name":"(anonymous_0)","decl":{"start":{"line":2,"column":2},"end":{"line":2,"column":3}},"loc":{"start":{"line":2,"column":38},"end":{"line":11,"column":3}},"line":2},"1":{"name":"(anonymous_1)","decl":{"start":{"line":13,"column":2},"end":{"line":13,"column":3}},"loc":{"start":{"line":13,"column":18},"end":{"line":25,"column":3}},"line":13},"2":{"name":"(anonymous_2)","decl":{"start":{"line":27,"column":2},"end":{"line":27,"column":3}},"loc":{"start":{"line":27,"column":14},"end":{"line":29,"column":3}},"line":27},"3":{"name":"(anonymous_3)","decl":{"start":{"line":31,"column":2},"end":{"line":31,"column":3}},"loc":{"start":{"line":31,"column":20},"end":{"line":37,"column":3}},"line":31},"4":{"name":"(anonymous_4)","decl":{"start":{"line":39,"column":2},"end":{"line":39,"column":3}},"loc":{"start":{"line":39,"column":27},"end":{"line":45,"column":3}},"line":39},"5":{"name":"(anonymous_5)","decl":{"start":{"line":47,"column":2},"end":{"line":47,"column":3}},"loc":{"start":{"line":47,"column":29},"end":{"line":52,"column":3}},"line":47},"6":{"name":"(anonymous_6)","decl":{"start":{"line":54,"column":2},"end":{"line":54,"column":3}},"loc":{"start":{"line":54,"column":18},"end":{"line":56,"column":3}},"line":54},"7":{"name":"(anonymous_7)","decl":{"start":{"line":58,"column":2},"end":{"line":58,"column":3}},"loc":{"start":{"line":58,"column":21},"end":{"line":60,"column":3}},"line":58}},"branchMap":{"0":{"loc":{"start":{"line":2,"column":24},"end":{"line":2,"column":36}},"type":"default-arg","locations":[{"start":{"line":2,"column":34},"end":{"line":2,"column":36}}],"line":2},"1":{"loc":{"start":{"line":3,"column":19},"end":{"line":3,"column":34}},"type":"binary-expr","locations":[{"start":{"line":3,"column":19},"end":{"line":3,"column":26}},{"start":{"line":3,"column":30},"end":{"line":3,"column":34}}],"line":3},"2":{"loc":{"start":{"line":6,"column":4},"end":{"line":10,"column":5}},"type":"if","locations":[{"start":{"line":6,"column":4},"end":{"line":10,"column":5}},{"start":{"line":6,"column":4},"end":{"line":10,"column":5}}],"line":6},"3":{"loc":{"start":{"line":6,"column":8},"end":{"line":6,"column":29}},"type":"binary-expr","locations":[{"start":{"line":6,"column":8},"end":{"line":6,"column":15}},{"start":{"line":6,"column":19},"end":{"line":6,"column":29}}],"line":6},"4":{"loc":{"start":{"line":17,"column":4},"end":{"line":17,"column":39}},"type":"if","locations":[{"start":{"line":17,"column":4},"end":{"line":17,"column":39}},{"start":{"line":17,"column":4},"end":{"line":17,"column":39}}],"line":17},"5":{"loc":{"start":{"line":21,"column":6},"end":{"line":23,"column":7}},"type":"if","locations":[{"start":{"line":21,"column":6},"end":{"line":23,"column":7}},{"start":{"line":21,"column":6},"end":{"line":23,"column":7}}],"line":21},"6":{"loc":{"start":{"line":32,"column":4},"end":{"line":34,"column":5}},"type":"if","locations":[{"start":{"line":32,"column":4},"end":{"line":34,"column":5}},{"start":{"line":32,"column":4},"end":{"line":34,"column":5}}],"line":32},"7":{"loc":{"start":{"line":40,"column":4},"end":{"line":42,"column":5}},"type":"if","locations":[{"start":{"line":40,"column":4},"end":{"line":42,"column":5}},{"start":{"line":40,"column":4},"end":{"line":42,"column":5}}],"line":40},"8":{"loc":{"start":{"line":48,"column":4},"end":{"line":51,"column":5}},"type":"if","locations":[{"start":{"line":48,"column":4},"end":{"line":51,"column":5}},{"start":{"line":48,"column":4},"end":{"line":51,"column":5}}],"line":48}},"s":{"0":13,"1":13,"2":13,"3":0,"4":0,"5":15,"6":15,"7":15,"8":8,"9":7,"10":7,"11":7,"12":0,"13":0,"14":7,"15":7,"16":7,"17":0,"18":0,"19":0,"20":0,"21":0,"22":0,"23":0,"24":0},"f":{"0":13,"1":15,"2":0,"3":7,"4":0,"5":0,"6":0,"7":0},"b":{"0":[4],"1":[13,9],"2":[0,13],"3":[13,13],"4":[8,7],"5":[0,7],"6":[7,0],"7":[0,0],"8":[0,0]},"_coverageSchema":"43e27e138ebf9cfc5966b082cf9a028302ed4184","hash":"082dd32e9eaf034635d24f40a857c545d2ea4410"}
,"/Users/vladimirmyskov/Sites/dragee/src/list.js": {"path":"/Users/vladimirmyskov/Sites/dragee/src/list.js","statementMap":{"0":{"start":{"line":12,"column":4},"end":{"line":12,"column":29}},"1":{"start":{"line":13,"column":4},"end":{"line":17,"column":15}},"2":{"start":{"line":19,"column":4},"end":{"line":19,"column":32}},"3":{"start":{"line":20,"column":4},"end":{"line":20,"column":15}},"4":{"start":{"line":24,"column":4},"end":{"line":24,"column":23}},"5":{"start":{"line":25,"column":4},"end":{"line":25,"column":53}},"6":{"start":{"line":29,"column":4},"end":{"line":29,"column":35}},"7":{"start":{"line":30,"column":4},"end":{"line":30,"column":59}},"8":{"start":{"line":30,"column":36},"end":{"line":30,"column":58}},"9":{"start":{"line":31,"column":4},"end":{"line":31,"column":105}},"10":{"start":{"line":31,"column":36},"end":{"line":31,"column":105}},"11":{"start":{"line":35,"column":29},"end":{"line":35,"column":55}},"12":{"start":{"line":36,"column":28},"end":{"line":36,"column":89}},"13":{"start":{"line":36,"column":64},"end":{"line":36,"column":88}},"14":{"start":{"line":38,"column":25},"end":{"line":38,"column":60}},"15":{"start":{"line":39,"column":24},"end":{"line":39,"column":120}},"16":{"start":{"line":41,"column":4},"end":{"line":59,"column":5}},"17":{"start":{"line":42,"column":6},"end":{"line":50,"column":7}},"18":{"start":{"line":43,"column":8},"end":{"line":45,"column":9}},"19":{"start":{"line":43,"column":19},"end":{"line":43,"column":30}},"20":{"start":{"line":44,"column":10},"end":{"line":44,"column":89}},"21":{"start":{"line":47,"column":8},"end":{"line":49,"column":9}},"22":{"start":{"line":47,"column":19},"end":{"line":47,"column":31}},"23":{"start":{"line":48,"column":10},"end":{"line":48,"column":89}},"24":{"start":{"line":52,"column":6},"end":{"line":56,"column":7}},"25":{"start":{"line":53,"column":8},"end":{"line":53,"column":59}},"26":{"start":{"line":55,"column":8},"end":{"line":55,"column":63}},"27":{"start":{"line":58,"column":6},"end":{"line":58,"column":30}},"28":{"start":{"line":63,"column":4},"end":{"line":63,"column":79}},"29":{"start":{"line":63,"column":46},"end":{"line":63,"column":78}},"30":{"start":{"line":67,"column":4},"end":{"line":67,"column":56}},"31":{"start":{"line":71,"column":4},"end":{"line":71,"column":78}},"32":{"start":{"line":71,"column":43},"end":{"line":71,"column":77}},"33":{"start":{"line":75,"column":4},"end":{"line":75,"column":63}},"34":{"start":{"line":75,"column":43},"end":{"line":75,"column":62}},"35":{"start":{"line":79,"column":4},"end":{"line":81,"column":5}},"36":{"start":{"line":80,"column":6},"end":{"line":80,"column":31}},"37":{"start":{"line":82,"column":4},"end":{"line":82,"column":68}},"38":{"start":{"line":82,"column":38},"end":{"line":82,"column":67}},"39":{"start":{"line":83,"column":4},"end":{"line":83,"column":56}},"40":{"start":{"line":87,"column":29},"end":{"line":87,"column":90}},"41":{"start":{"line":87,"column":64},"end":{"line":87,"column":89}},"42":{"start":{"line":88,"column":17},"end":{"line":88,"column":19}},"43":{"start":{"line":89,"column":29},"end":{"line":89,"column":55}},"44":{"start":{"line":91,"column":4},"end":{"line":93,"column":5}},"45":{"start":{"line":92,"column":6},"end":{"line":92,"column":31}},"46":{"start":{"line":95,"column":4},"end":{"line":99,"column":6}},"47":{"start":{"line":96,"column":6},"end":{"line":96,"column":35}},"48":{"start":{"line":97,"column":6},"end":{"line":97,"column":36}},"49":{"start":{"line":98,"column":6},"end":{"line":98,"column":44}},"50":{"start":{"line":101,"column":12},"end":{"line":101,"column":13}},"51":{"start":{"line":102,"column":4},"end":{"line":111,"column":6}},"52":{"start":{"line":103,"column":6},"end":{"line":110,"column":7}},"53":{"start":{"line":104,"column":8},"end":{"line":106,"column":9}},"54":{"start":{"line":105,"column":10},"end":{"line":105,"column":78}},"55":{"start":{"line":107,"column":8},"end":{"line":107,"column":55}},"56":{"start":{"line":108,"column":8},"end":{"line":108,"column":11}},"57":{"start":{"line":109,"column":8},"end":{"line":109,"column":28}},"58":{"start":{"line":112,"column":4},"end":{"line":112,"column":26}},"59":{"start":{"line":116,"column":4},"end":{"line":116,"column":40}},"60":{"start":{"line":120,"column":4},"end":{"line":120,"column":63}},"61":{"start":{"line":120,"column":43},"end":{"line":120,"column":62}},"62":{"start":{"line":124,"column":4},"end":{"line":132,"column":5}},"63":{"start":{"line":125,"column":6},"end":{"line":125,"column":57}},"64":{"start":{"line":127,"column":6},"end":{"line":127,"column":78}},"65":{"start":{"line":127,"column":69},"end":{"line":127,"column":78}},"66":{"start":{"line":128,"column":6},"end":{"line":128,"column":77}},"67":{"start":{"line":128,"column":69},"end":{"line":128,"column":77}},"68":{"start":{"line":129,"column":6},"end":{"line":129,"column":78}},"69":{"start":{"line":129,"column":69},"end":{"line":129,"column":78}},"70":{"start":{"line":130,"column":6},"end":{"line":130,"column":77}},"71":{"start":{"line":130,"column":69},"end":{"line":130,"column":77}},"72":{"start":{"line":131,"column":6},"end":{"line":131,"column":14}},"73":{"start":{"line":136,"column":4},"end":{"line":136,"column":50}},"74":{"start":{"line":140,"column":4},"end":{"line":140,"column":43}},"75":{"start":{"line":144,"column":20},"end":{"line":144,"column":40}},"76":{"start":{"line":145,"column":4},"end":{"line":151,"column":5}},"77":{"start":{"line":146,"column":6},"end":{"line":148,"column":8}},"78":{"start":{"line":147,"column":8},"end":{"line":147,"column":45}},"79":{"start":{"line":150,"column":6},"end":{"line":150,"column":19}},"80":{"start":{"line":155,"column":4},"end":{"line":155,"column":23}},"81":{"start":{"line":159,"column":4},"end":{"line":159,"column":25}},"82":{"start":{"line":160,"column":4},"end":{"line":162,"column":6}},"83":{"start":{"line":161,"column":6},"end":{"line":161,"column":31}},"84":{"start":{"line":166,"column":23},"end":{"line":170,"column":6}},"85":{"start":{"line":167,"column":6},"end":{"line":169,"column":34}},"86":{"start":{"line":171,"column":4},"end":{"line":171,"column":51}}},"fnMap":{"0":{"name":"(anonymous_0)","decl":{"start":{"line":11,"column":2},"end":{"line":11,"column":3}},"loc":{"start":{"line":11,"column":38},"end":{"line":21,"column":3}},"line":11},"1":{"name":"(anonymous_1)","decl":{"start":{"line":23,"column":2},"end":{"line":23,"column":3}},"loc":{"start":{"line":23,"column":9},"end":{"line":26,"column":3}},"line":23},"2":{"name":"(anonymous_2)","decl":{"start":{"line":28,"column":2},"end":{"line":28,"column":3}},"loc":{"start":{"line":28,"column":27},"end":{"line":32,"column":3}},"line":28},"3":{"name":"(anonymous_3)","decl":{"start":{"line":30,"column":30},"end":{"line":30,"column":31}},"loc":{"start":{"line":30,"column":36},"end":{"line":30,"column":58}},"line":30},"4":{"name":"(anonymous_4)","decl":{"start":{"line":31,"column":30},"end":{"line":31,"column":31}},"loc":{"start":{"line":31,"column":36},"end":{"line":31,"column":105}},"line":31},"5":{"name":"(anonymous_5)","decl":{"start":{"line":34,"column":2},"end":{"line":34,"column":3}},"loc":{"start":{"line":34,"column":20},"end":{"line":60,"column":3}},"line":34},"6":{"name":"(anonymous_6)","decl":{"start":{"line":36,"column":49},"end":{"line":36,"column":50}},"loc":{"start":{"line":36,"column":64},"end":{"line":36,"column":88}},"line":36},"7":{"name":"(anonymous_7)","decl":{"start":{"line":62,"column":2},"end":{"line":62,"column":3}},"loc":{"start":{"line":62,"column":30},"end":{"line":64,"column":3}},"line":62},"8":{"name":"(anonymous_8)","decl":{"start":{"line":63,"column":31},"end":{"line":63,"column":32}},"loc":{"start":{"line":63,"column":46},"end":{"line":63,"column":78}},"line":63},"9":{"name":"(anonymous_9)","decl":{"start":{"line":66,"column":2},"end":{"line":66,"column":3}},"loc":{"start":{"line":66,"column":24},"end":{"line":68,"column":3}},"line":66},"10":{"name":"(anonymous_10)","decl":{"start":{"line":70,"column":2},"end":{"line":70,"column":3}},"loc":{"start":{"line":70,"column":10},"end":{"line":72,"column":3}},"line":70},"11":{"name":"(anonymous_11)","decl":{"start":{"line":71,"column":28},"end":{"line":71,"column":29}},"loc":{"start":{"line":71,"column":43},"end":{"line":71,"column":77}},"line":71},"12":{"name":"(anonymous_12)","decl":{"start":{"line":74,"column":2},"end":{"line":74,"column":3}},"loc":{"start":{"line":74,"column":12},"end":{"line":76,"column":3}},"line":74},"13":{"name":"(anonymous_13)","decl":{"start":{"line":75,"column":28},"end":{"line":75,"column":29}},"loc":{"start":{"line":75,"column":43},"end":{"line":75,"column":62}},"line":75},"14":{"name":"(anonymous_14)","decl":{"start":{"line":78,"column":2},"end":{"line":78,"column":3}},"loc":{"start":{"line":78,"column":18},"end":{"line":84,"column":3}},"line":78},"15":{"name":"(anonymous_15)","decl":{"start":{"line":82,"column":23},"end":{"line":82,"column":24}},"loc":{"start":{"line":82,"column":38},"end":{"line":82,"column":67}},"line":82},"16":{"name":"(anonymous_16)","decl":{"start":{"line":86,"column":2},"end":{"line":86,"column":3}},"loc":{"start":{"line":86,"column":21},"end":{"line":113,"column":3}},"line":86},"17":{"name":"(anonymous_17)","decl":{"start":{"line":87,"column":49},"end":{"line":87,"column":50}},"loc":{"start":{"line":87,"column":64},"end":{"line":87,"column":89}},"line":87},"18":{"name":"(anonymous_18)","decl":{"start":{"line":95,"column":23},"end":{"line":95,"column":24}},"loc":{"start":{"line":95,"column":38},"end":{"line":99,"column":5}},"line":95},"19":{"name":"(anonymous_19)","decl":{"start":{"line":102,"column":29},"end":{"line":102,"column":30}},"loc":{"start":{"line":102,"column":44},"end":{"line":111,"column":5}},"line":102},"20":{"name":"(anonymous_20)","decl":{"start":{"line":115,"column":2},"end":{"line":115,"column":3}},"loc":{"start":{"line":115,"column":10},"end":{"line":117,"column":3}},"line":115},"21":{"name":"(anonymous_21)","decl":{"start":{"line":119,"column":2},"end":{"line":119,"column":3}},"loc":{"start":{"line":119,"column":12},"end":{"line":121,"column":3}},"line":119},"22":{"name":"(anonymous_22)","decl":{"start":{"line":120,"column":28},"end":{"line":120,"column":29}},"loc":{"start":{"line":120,"column":43},"end":{"line":120,"column":62}},"line":120},"23":{"name":"(anonymous_23)","decl":{"start":{"line":123,"column":2},"end":{"line":123,"column":3}},"loc":{"start":{"line":123,"column":34},"end":{"line":133,"column":3}},"line":123},"24":{"name":"(anonymous_24)","decl":{"start":{"line":135,"column":2},"end":{"line":135,"column":3}},"loc":{"start":{"line":135,"column":21},"end":{"line":137,"column":3}},"line":135},"25":{"name":"(anonymous_25)","decl":{"start":{"line":139,"column":2},"end":{"line":139,"column":3}},"loc":{"start":{"line":139,"column":18},"end":{"line":141,"column":3}},"line":139},"26":{"name":"(anonymous_26)","decl":{"start":{"line":143,"column":2},"end":{"line":143,"column":3}},"loc":{"start":{"line":143,"column":27},"end":{"line":152,"column":3}},"line":143},"27":{"name":"(anonymous_27)","decl":{"start":{"line":146,"column":24},"end":{"line":146,"column":25}},"loc":{"start":{"line":146,"column":38},"end":{"line":148,"column":7}},"line":146},"28":{"name":"(anonymous_28)","decl":{"start":{"line":154,"column":2},"end":{"line":154,"column":3}},"loc":{"start":{"line":154,"column":15},"end":{"line":156,"column":3}},"line":154},"29":{"name":"(anonymous_29)","decl":{"start":{"line":158,"column":2},"end":{"line":158,"column":3}},"loc":{"start":{"line":158,"column":21},"end":{"line":163,"column":3}},"line":158},"30":{"name":"(anonymous_30)","decl":{"start":{"line":160,"column":28},"end":{"line":160,"column":29}},"loc":{"start":{"line":160,"column":43},"end":{"line":162,"column":5}},"line":160},"31":{"name":"(anonymous_31)","decl":{"start":{"line":165,"column":2},"end":{"line":165,"column":3}},"loc":{"start":{"line":165,"column":54},"end":{"line":172,"column":3}},"line":165},"32":{"name":"(anonymous_32)","decl":{"start":{"line":166,"column":48},"end":{"line":166,"column":49}},"loc":{"start":{"line":166,"column":61},"end":{"line":170,"column":5}},"line":166}},"branchMap":{"0":{"loc":{"start":{"line":11,"column":26},"end":{"line":11,"column":36}},"type":"default-arg","locations":[{"start":{"line":11,"column":34},"end":{"line":11,"column":36}}],"line":11},"1":{"loc":{"start":{"line":41,"column":4},"end":{"line":59,"column":5}},"type":"if","locations":[{"start":{"line":41,"column":4},"end":{"line":59,"column":5}},{"start":{"line":41,"column":4},"end":{"line":59,"column":5}}],"line":41},"2":{"loc":{"start":{"line":41,"column":8},"end":{"line":41,"column":58}},"type":"binary-expr","locations":[{"start":{"line":41,"column":8},"end":{"line":41,"column":26}},{"start":{"line":41,"column":30},"end":{"line":41,"column":58}}],"line":41},"3":{"loc":{"start":{"line":42,"column":6},"end":{"line":50,"column":7}},"type":"if","locations":[{"start":{"line":42,"column":6},"end":{"line":50,"column":7}},{"start":{"line":42,"column":6},"end":{"line":50,"column":7}}],"line":42},"4":{"loc":{"start":{"line":52,"column":6},"end":{"line":56,"column":7}},"type":"if","locations":[{"start":{"line":52,"column":6},"end":{"line":56,"column":7}},{"start":{"line":52,"column":6},"end":{"line":56,"column":7}}],"line":52},"5":{"loc":{"start":{"line":79,"column":4},"end":{"line":81,"column":5}},"type":"if","locations":[{"start":{"line":79,"column":4},"end":{"line":81,"column":5}},{"start":{"line":79,"column":4},"end":{"line":81,"column":5}}],"line":79},"6":{"loc":{"start":{"line":91,"column":4},"end":{"line":93,"column":5}},"type":"if","locations":[{"start":{"line":91,"column":4},"end":{"line":93,"column":5}},{"start":{"line":91,"column":4},"end":{"line":93,"column":5}}],"line":91},"7":{"loc":{"start":{"line":103,"column":6},"end":{"line":110,"column":7}},"type":"if","locations":[{"start":{"line":103,"column":6},"end":{"line":110,"column":7}},{"start":{"line":103,"column":6},"end":{"line":110,"column":7}}],"line":103},"8":{"loc":{"start":{"line":104,"column":8},"end":{"line":106,"column":9}},"type":"if","locations":[{"start":{"line":104,"column":8},"end":{"line":106,"column":9}},{"start":{"line":104,"column":8},"end":{"line":106,"column":9}}],"line":104},"9":{"loc":{"start":{"line":124,"column":4},"end":{"line":132,"column":5}},"type":"if","locations":[{"start":{"line":124,"column":4},"end":{"line":132,"column":5}},{"start":{"line":124,"column":4},"end":{"line":132,"column":5}}],"line":124},"10":{"loc":{"start":{"line":127,"column":6},"end":{"line":127,"column":78}},"type":"if","locations":[{"start":{"line":127,"column":6},"end":{"line":127,"column":78}},{"start":{"line":127,"column":6},"end":{"line":127,"column":78}}],"line":127},"11":{"loc":{"start":{"line":128,"column":6},"end":{"line":128,"column":77}},"type":"if","locations":[{"start":{"line":128,"column":6},"end":{"line":128,"column":77}},{"start":{"line":128,"column":6},"end":{"line":128,"column":77}}],"line":128},"12":{"loc":{"start":{"line":129,"column":6},"end":{"line":129,"column":78}},
[...]
,"/Users/vladimirmyskov/Sites/dragee/src/geometry/rectangle.js": {"path":"/Users/vladimirmyskov/Sites/dragee/src/geometry/rectangle.js","statementMap":{"0":{"start":{"line":5,"column":4},"end":{"line":5,"column":28}},"1":{"start":{"line":6,"column":4},"end":{"line":6,"column":20}},"2":{"start":{"line":10,"column":4},"end":{"line":10,"column":24}},"3":{"start":{"line":14,"column":4},"end":{"line":14,"column":68}},"4":{"start":{"line":18,"column":4},"end":{"line":18,"column":39}},"5":{"start":{"line":22,"column":4},"end":{"line":22,"column":68}},"6":{"start":{"line":26,"column":4},"end":{"line":26,"column":49}},"7":{"start":{"line":30,"column":21},"end":{"line":30,"column":118}},"8":{"start":{"line":31,"column":17},"end":{"line":31,"column":186}},"9":{"start":{"line":32,"column":4},"end":{"line":32,"column":40}},"10":{"start":{"line":36,"column":21},"end":{"line":36,"column":118}},"11":{"start":{"line":37,"column":17},"end":{"line":37,"column":186}},"12":{"start":{"line":38,"column":4},"end":{"line":40,"column":5}},"13":{"start":{"line":39,"column":6},"end":{"line":39,"column":17}},"14":{"start":{"line":41,"column":4},"end":{"line":41,"column":40}},"15":{"start":{"line":45,"column":4},"end":{"line":45,"column":138}},"16":{"start":{"line":49,"column":4},"end":{"line":49,"column":88}},"17":{"start":{"line":54,"column":4},"end":{"line":62,"column":5}},"18":{"start":{"line":55,"column":6},"end":{"line":55,"column":20}},"19":{"start":{"line":57,"column":6},"end":{"line":57,"column":37}},"20":{"start":{"line":58,"column":6},"end":{"line":60,"column":7}},"21":{"start":{"line":59,"column":8},"end":{"line":59,"column":19}},"22":{"start":{"line":61,"column":6},"end":{"line":61,"column":73}},"23":{"start":{"line":63,"column":23},"end":{"line":63,"column":39}},"24":{"start":{"line":64,"column":23},"end":{"line":64,"column":39}},"25":{"start":{"line":65,"column":17},"end":{"line":65,"column":67}},"26":{"start":{"line":66,"column":19},"end":{"line":66,"column":171}},"27":{"start":{"line":67,"column":4},"end":{"line":67,"column":60}},"28":{"start":{"line":68,"column":4},"end":{"line":68,"column":15}},"29":{"start":{"line":72,"column":4},"end":{"line":72,"column":36}},"30":{"start":{"line":76,"column":4},"end":{"line":76,"column":44}},"31":{"start":{"line":77,"column":4},"end":{"line":77,"column":42}},"32":{"start":{"line":78,"column":4},"end":{"line":78,"column":41}},"33":{"start":{"line":79,"column":4},"end":{"line":79,"column":39}},"34":{"start":{"line":80,"column":4},"end":{"line":80,"column":40}},"35":{"start":{"line":84,"column":4},"end":{"line":84,"column":35}},"36":{"start":{"line":85,"column":4},"end":{"line":85,"column":54}},"37":{"start":{"line":89,"column":4},"end":{"line":89,"column":45}},"38":{"start":{"line":93,"column":21},"end":{"line":93,"column":78}},"39":{"start":{"line":94,"column":17},"end":{"line":94,"column":61}},"40":{"start":{"line":95,"column":4},"end":{"line":95,"column":40}}},"fnMap":{"0":{"name":"(anonymous_0)","decl":{"start":{"line":4,"column":2},"end":{"line":4,"column":3}},"loc":{"start":{"line":4,"column":30},"end":{"line":7,"column":3}},"line":4},"1":{"name":"(anonymous_1)","decl":{"start":{"line":9,"column":2},"end":{"line":9,"column":3}},"loc":{"start":{"line":9,"column":10},"end":{"line":11,"column":3}},"line":9},"2":{"name":"(anonymous_2)","decl":{"start":{"line":13,"column":2},"end":{"line":13,"column":3}},"loc":{"start":{"line":13,"column":10},"end":{"line":15,"column":3}},"line":13},"3":{"name":"(anonymous_3)","decl":{"start":{"line":17,"column":2},"end":{"line":17,"column":3}},"loc":{"start":{"line":17,"column":10},"end":{"line":19,"column":3}},"line":17},"4":{"name":"(anonymous_4)","decl":{"start":{"line":21,"column":2},"end":{"line":21,"column":3}},"loc":{"start":{"line":21,"column":10},"end":{"line":23,"column":3}},"line":21},"5":{"name":"(anonymous_5)","decl":{"start":{"line":25,"column":2},"end":{"line":25,"column":3}},"loc":{"start":{"line":25,"column":14},"end":{"line":27,"column":3}},"line":25},"6":{"name":"(anonymous_6)","decl":{"start":{"line":29,"column":2},"end":{"line":29,"column":3}},"loc":{"start":{"line":29,"column":11},"end":{"line":33,"column":3}},"line":29},"7":{"name":"(anonymous_7)","decl":{"start":{"line":35,"column":2},"end":{"line":35,"column":3}},"loc":{"start":{"line":35,"column":12},"end":{"line":42,"column":3}},"line":35},"8":{"name":"(anonymous_8)","decl":{"start":{"line":44,"column":2},"end":{"line":44,"column":3}},"loc":{"start":{"line":44,"column":18},"end":{"line":46,"column":3}},"line":44},"9":{"name":"(anonymous_9)","decl":{"start":{"line":48,"column":2},"end":{"line":48,"column":3}},"loc":{"start":{"line":48,"column":30},"end":{"line":50,"column":3}},"line":48},"10":{"name":"(anonymous_10)","decl":{"start":{"line":52,"column":2},"end":{"line":52,"column":3}},"loc":{"start":{"line":52,"column":26},"end":{"line":69,"column":3}},"line":52},"11":{"name":"(anonymous_11)","decl":{"start":{"line":71,"column":2},"end":{"line":71,"column":3}},"loc":{"start":{"line":71,"column":14},"end":{"line":73,"column":3}},"line":71},"12":{"name":"(anonymous_12)","decl":{"start":{"line":75,"column":2},"end":{"line":75,"column":3}},"loc":{"start":{"line":75,"column":17},"end":{"line":81,"column":3}},"line":75},"13":{"name":"(anonymous_13)","decl":{"start":{"line":83,"column":2},"end":{"line":83,"column":3}},"loc":{"start":{"line":83,"column":15},"end":{"line":86,"column":3}},"line":83},"14":{"name":"(anonymous_14)","decl":{"start":{"line":88,"column":2},"end":{"line":88,"column":3}},"loc":{"start":{"line":88,"column":15},"end":{"line":90,"column":3}},"line":88},"15":{"name":"(anonymous_15)","decl":{"start":{"line":92,"column":2},"end":{"line":92,"column":3}},"loc":{"start":{"line":92,"column":108},"end":{"line":96,"column":3}},"line":92}},"branchMap":{"0":{"loc":{"start":{"line":38,"column":4},"end":{"line":40,"column":5}},"type":"if","locations":[{"start":{"line":38,"column":4},"end":{"line":40,"column":5}},{"start":{"line":38,"column":4},"end":{"line":40,"column":5}}],"line":38},"1":{"loc":{"start":{"line":38,"column":8},"end":{"line":38,"column":34}},"type":"binary-expr","locations":[{"start":{"line":38,"column":8},"end":{"line":38,"column":19}},{"start":{"line":38,"column":23},"end":{"line":38,"column":34}}],"line":38},"2":{"loc":{"start":{"line":45,"column":13},"end":{"line":45,"column":137}},"type":"binary-expr","locations":[{"start":{"line":45,"column":13},"end":{"line":45,"column":34}},{"start":{"line":45,"column":38},"end":{"line":45,"column":73}},{"start":{"line":45,"column":77},"end":{"line":45,"column":98}},{"start":{"line":45,"column":102},"end":{"line":45,"column":137}}],"line":45},"3":{"loc":{"start":{"line":49,"column":11},"end":{"line":49,"column":88}},"type":"binary-expr","locations":[{"start":{"line":49,"column":11},"end":{"line":49,"column":48}},{"start":{"line":49,"column":52},"end":{"line":49,"column":88}}],"line":49},"4":{"loc":{"start":{"line":54,"column":4},"end":{"line":62,"column":5}},"type":"if","locations":[{"start":{"line":54,"column":4},"end":{"line":62,"column":5}},{"start":{"line":54,"column":4},"end":{"line":62,"column":5}}],"line":54},"5":{"loc":{"start":{"line":58,"column":6},"end":{"line":60,"column":7}},"type":"if","locations":[{"start":{"line":58,"column":6},"end":{"line":60,"column":7}},{"start":{"line":58,"column":6},"end":{"line":60,"column":7}}],"line":58},"6":{"loc":{"start":{"line":61,"column":16},"end":{"line":61,"column":73}},"type":"cond-expr","locations":[{"start":{"line":61,"column":64},"end":{"line":61,"column":67}},{"start":{"line":61,"column":70},"end":{"line":61,"column":73}}],"line":61},"7":{"loc":{"start":{"line":65,"column":17},"end":{"line":65,"column":67}},"type":"cond-expr","locations":[{"start":{"line":65,"column":61},"end":{"line":65,"column":63}},{"start":{"line":65,"column":66},"end":{"line":65,"column":67}}],"line":65},"8":{"loc":{"start":{"line":66,"column":19},"end":{"line":66,"column":171}},"type":"cond-expr","locations":[{"start":{"line":66,"column":30},"end":{"line":66,"column":98}},{"start":{"line":66,"column":101},"end":{"line":66,"column":171}}],"line":66},"9":{"loc":{"start":{"line":76,"column":9},"end":{"line":76,"column":44}},"type":"binary-expr","locations":[{"start":{"line":76,"column":9},"end":{"line":76,"column":11}},{"start":{"line":76,"column":15},"end":{"line":76,"column":44}}],"line":76},"10":{"loc":{"start":{"line":92,"column":30},"end":{"line":92,"column":55}},"type":"default-arg","locations":[{"start":{"line":92,"column":37},"end":{"line":92,"column":55}}],"line":92},"11":{"loc":{"start":{"line":92,"column":57},"end":{"line":92,"column":79}},"type":"default-arg","locations":[{"start":{"line":92,"column":74},"end":{"line":92,"column":79}}],"line":92},"12":{"loc":{"start":{"line":92,"column":81},"end":{"line":92,"column":106}},"type":"default-arg","locations":[{"start":{"line":92,"column":101},"end":{"line":92,"column":106}}],"line":92}},"s":{"0":6,"1":6,"2":0,"3":0,"4":0,"5":0,"6":0,"7":0,"8":0,"9":0,"10":0,"11":0,"12":0,"13":0,"14":0,"15":0,"16":0,"17":0,"18":0,"19":0,"20":0,"21":0,"22":0,"23":0,"24":0,"25":0,"26":0,"27":0,"28":0,"29":0,"30":0,"31":0,"32":0,"33":0,"34":0,"35":0,"36":0,"37":0,"38":6,"39":6,"40":6},"f":{"0":6,"1":0,"2":0,"3":0,"4":0,"5":0,"6":0,"7":0,"8":0,"9":0,"10":0,"11":0,"12":0,"13":0,"14":0,"15":6},"b":{"0":[0,0],"1":[0,0],"2":[0,0,0,0],"3":[0,0],"4":[0,0],"5":[0,0],"6":[0,0],"7":[0,0],"8":[0,0],"9":[0,0],"10":[0],"11":[6],"12":[6]},"_coverageSchema":"43e27e138ebf9cfc5966b082cf9a028302ed4184","hash":"67fba632c23a551a87bb147443cb6a52763ed99c"}
,"/Users/vladimirmyskov/Sites/dragee/src/utils/classes.js": {"path":"/Users/vladimirmyskov/Sites/dragee/src/utils/classes.js","statementMap":{"0":{"start":{"line":2,"column":13},"end":{"line":2,"column":55}},"1":{"start":{"line":3,"column":2},"end":{"line":3,"column":37}},"2":{"start":{"line":7,"column":2},"end":{"line":9,"column":3}},"3":{"start":{"line":8,"column":4},"end":{"line":8,"column":98}},"4":{"start":{"line":13,"column":13},"end":{"line":13,"column":55}},"5":{"start":{"line":14,"column":2},"end":{"line":14,"column":102}}},"fnMap":{"0":{"name":"hasClass","decl":{"start":{"line":1,"column":16},"end":{"line":1,"column":24}},"loc":{"start":{"line":1,"column":37},"end":{"line":4,"column":1}},"line":1},"1":{"name":"addClass","decl":{"start":{"line":6,"column":16},"end":{"line":6,"column":24}},"loc":{"start":{"line":6,"column":37},"end":{"line":10,"column":1}},"line":6},"2":{"name":"removeClass","decl":{"start":{"line":12,"column":16},"end":{"line":12,"column":27}},"loc":{"start":{"line":12,"column":40},"end":{"line":15,"column":1}},"line":12}},"branchMap":{"0":{"loc":{"start":{"line":7,"column":2},"end":{"line":9,"column":3}},"type":"if","locations":[{"start":{"line":7,"column":2},"end":{"line":9,"column":3}},{"start":{"line":7,"column":2},"end":{"line":9,"column":3}}],"line":7}},"s":{"0":0,"1":0,"2":0,"3":0,"4":3,"5":3},"f":{"0":0,"1":0,"2":3},"b":{"0":[0,0]},"_coverageSchema":"43e27e138ebf9cfc5966b082cf9a028302ed4184","hash":"232a555e57aa8b28067fa3a2580f91d4403a1211"}
,"/Users/vladimirmyskov/Sites/dragee/src/utils/get-default-parent.js": {"path":"/Users/vladimirmyskov/Sites/dragee/src/utils/get-default-parent.js","statementMap":{"0":{"start":{"line":2,"column":15},"end":{"line":2,"column":33}},"1":{"start":{"line":3,"column":2},"end":{"line":5,"column":3}},"2":{"start":{"line":4,"column":4},"end":{"line":4,"column":30}},"3":{"start":{"line":6,"column":2},"end":{"line":6,"column":15}}},"fnMap":{"0":{"name":"getDefaultParent","decl":{"start":{"line":1,"column":24},"end":{"line":1,"column":40}},"loc":{"start":{"line":1,"column":50},"end":{"line":7,"column":1}},"line":1}},"branchMap":{"0":{"loc":{"start":{"line":3,"column":9},"end":{"line":3,"column":115}},"type":"binary-expr","locations":[{"start":{"line":3,"column":9},"end":{"line":3,"column":26}},{"start":{"line":3,"column":30},"end":{"line":3,"column":86}},{"start":{"line":3,"column":90},"end":{"line":3,"column":115}}],"line":3}},"s":{"0":6,"1":6,"2":0,"3":6},"f":{"0":6},"b":{"0":[6,6,0]},"_coverageSchema":"43e27e138ebf9cfc5966b082cf9a028302ed4184","hash":"f9438e4772de71bd85f88ae6582b4e6812c7c07f"}
,"/Users/vladimirmyskov/Sites/dragee/src/utils/is-support-passive-events.js": {"path":"/Users/vladimirmyskov/Sites/dragee/src/utils/is-support-passive-events.js","statementMap":{"0":{"start":{"line":2,"column":25},"end":{"line":2,"column":30}},"1":{"start":{"line":4,"column":2},"end":{"line":15,"column":3}},"2":{"start":{"line":5,"column":20},"end":{"line":9,"column":6}},"3":{"start":{"line":7,"column":8},"end":{"line":7,"column":40}},"4":{"start":{"line":11,"column":4},"end":{"line":11,"column":53}},"5":{"start":{"line":12,"column":4},"end":{"line":12,"column":56}},"6":{"start":{"line":14,"column":4},"end":{"line":14,"column":28}},"7":{"start":{"line":17,"column":2},"end":{"line":17,"column":25}},"8":{"start":{"line":20,"column":38},"end":{"line":20,"column":65}},"9":{"start":{"line":23,"column":2},"end":{"line":23,"column":52}}},"fnMap":{"0":{"name":"checkSupportPassiveEvents","decl":{"start":{"line":1,"column":9},"end":{"line":1,"column":34}},"loc":{"start":{"line":1,"column":37},"end":{"line":18,"column":1}},"line":1},"1":{"name":"(anonymous_1)","decl":{"start":{"line":6,"column":6},"end":{"line":6,"column":7}},"loc":{"start":{"line":6,"column":12},"end":{"line":8,"column":7}},"line":6},"2":{"name":"eventOptions","decl":{"start":{"line":22,"column":9},"end":{"line":22,"column":21}},"loc":{"start":{"line":22,"column":49},"end":{"line":24,"column":1}},"line":22}},"branchMap":{"0":{"loc":{"start":{"line":22,"column":31},"end":{"line":22,"column":47}},"type":"default-arg","locations":[{"start":{"line":22,"column":42},"end":{"line":22,"column":47}}],"line":22},"1":{"loc":{"start":{"line":23,"column":9},"end":{"line":23,"column":52}},"type":"cond-expr","locations":[{"start":{"line":23,"column":34},"end":{"line":23,"column":41}},{"start":{"line":23,"column":44},"end":{"line":23,"column":52}}],"line":23}},"s":{"0":2,"1":2,"2":2,"3":0,"4":2,"5":2,"6":0,"7":2,"8":2,"9":0},"f":{"0":2,"1":0,"2":0},"b":{"0":[0],"1":[0,0]},"_coverageSchema":"43e27e138ebf9cfc5966b082cf9a028302ed4184","hash":"e67d96d09a2fbddb29f23a6b7ba49acddba79b09"}
,"/Users/vladimirmyskov/Sites/dragee/src/utils/range.js": {"path":"/Users/vladimirmyskov/Sites/dragee/src/utils/range.js","statementMap":{"0":{"start":{"line":2,"column":17},"end":{"line":2,"column":19}},"1":{"start":{"line":3,"column":2},"end":{"line":6,"column":3}},"2":{"start":{"line":4,"column":4},"end":{"line":4,"column":16}},"3":{"start":{"line":5,"column":4},"end":{"line":5,"column":13}},"4":{"start":{"line":7,"column":2},"end":{"line":9,"column":3}},"5":{"start":{"line":8,"column":4},"end":{"line":8,"column":12}},"6":{"start":{"line":10,"column":2},"end":{"line":12,"column":3}},"7":{"start":{"line":11,"column":4},"end":{"line":11,"column":13}},"8":{"start":{"line":13,"column":2},"end":{"line":15,"column":3}},"9":{"start":{"line":13,"column":15},"end":{"line":13,"column":20}},"10":{"start":{"line":14,"column":4},"end":{"line":14,"column":18}},"11":{"start":{"line":16,"column":2},"end":{"line":16,"column":15}}},"fnMap":{"0":{"name":"range","decl":{"start":{"line":1,"column":24},"end":{"line":1,"column":29}},"loc":{"start":{"line":1,"column":49},"end":{"line":17,"column":1}},"line":1}},"branchMap":{"0":{"loc":{"start":{"line":3,"column":2},"end":{"line":6,"column":3}},"type":"if","locations":[{"start":{"line":3,"column":2},"end":{"line":6,"column":3}},{"start":{"line":3,"column":2},"end":{"line":6,"column":3}}],"line":3},"1":{"loc":{"start":{"line":7,"column":2},"end":{"line":9,"column":3}},"type":"if","locations":[{"start":{"line":7,"column":2},"end":{"line":9,"column":3}},{"start":{"line":7,"column":2},"end":{"line":9,"column":3}}],"line":7},"2":{"loc":{"start":{"line":10,"column":2},"end":{"line":12,"column":3}},"type":"if","locations":[{"start":{"line":10,"column":2},"end":{"line":12,"column":3}},{"start":{"line":10,"column":2},"end":{"line":12,"column":3}}],"line":10},"3":{"loc":{"start":{"line":10,"column":6},"end":{"line":10,"column":64}},"type":"binary-expr","locations":[{"start":{"line":10,"column":7},"end":{"line":10,"column":15}},{"start":{"line":10,"column":19},"end":{"line":10,"column":32}},{"start":{"line":10,"column":38},"end":{"line":10,"column":46}},{"start":{"line":10,"column":50},"end":{"line":10,"column":63}}],"line":10},"4":{"loc":{"start":{"line":13,"column":22},"end":{"line":13,"column":52}},"type":"cond-expr","locations":[{"start":{"line":13,"column":33},"end":{"line":13,"column":41}},{"start":{"line":13,"column":44},"end":{"line":13,"column":52}}],"line":13}},"s":{"0":0,"1":0,"2":0,"3":0,"4":0,"5":0,"6":0,"7":0,"8":0,"9":0,"10":0,"11":0},"f":{"0":0},"b":{"0":[0,0],"1":[0,0],"2":[0,0],"3":[0,0,0,0],"4":[0,0]},"_coverageSchema":"43e27e138ebf9cfc5966b082cf9a028302ed4184","hash":"668f95a604d702f81715acc04f0b5f6a6584fd98"}
,"/Users/vladimirmyskov/Sites/dragee/src/utils/remove-array-item.js": {"path":"/Users/vladimirmyskov/Sites/dragee/src/utils/remove-array-item.js","statementMap":{"0":{"start":{"line":2,"column":2},"end":{"line":7,"column":3}},"1":{"start":{"line":2,"column":15},"end":{"line":2,"column":16}},"2":{"start":{"line":3,"column":4},"end":{"line":6,"column":5}},"3":{"start":{"line":4,"column":6},"end":{"line":4,"column":24}},"4":{"start":{"line":5,"column":6},"end":{"line":5,"column":9}},"5":{"start":{"line":8,"column":2},"end":{"line":8,"column":14}}},"fnMap":{"0":{"name":"(anonymous_0)","decl":{"start":{"line":1,"column":15},"end":{"line":1,"column":16}},"loc":{"start":{"line":1,"column":36},"end":{"line":9,"column":1}},"line":1}},"branchMap":{"0":{"loc":{"start":{"line":3,"column":4},"end":{"line":6,"column":5}},"type":"if","locations":[{"start":{"line":3,"column":4},"end":{"line":6,"column":5}},{"start":{"line":3,"column":4},"end":{"line":6,"column":5}}],"line":3}},"s":{"0":0,"1":0,"2":0,"3":0,"4":0,"5":0},"f":{"0":0},"b":{"0":[0,0]},"_coverageSchema":"43e27e138ebf9cfc5966b082cf9a028302ed4184","hash":"d10393a0671a3aeb78bdbb66c88238d24ba81d17"}
}
