TN:
SF:/Users/vladimirmyskov/Sites/dragee/src/bounding.js
FN:17,(anonymous_0)
FN:19,(anonymous_1)
FN:23,(anonymous_2)
FN:25,(anonymous_3)
FN:32,(anonymous_4)
FN:37,(anonymous_5)
FN:59,(anonymous_6)
FN:65,(anonymous_7)
FN:71,(anonymous_8)
FN:78,(anonymous_9)
FN:94,(anonymous_10)
FN:101,(anonymous_11)
FN:115,(anonymous_12)
FN:126,(anonymous_13)
FN:140,(anonymous_14)
FN:146,(anonymous_15)
FN:152,(anonymous_16)
FN:158,(anonymous_17)
FN:162,(anonymous_18)
FN:166,(anonymous_19)
FNF:20
FNH:4
FNDA:6,(anonymous_0)
FNDA:0,(anonymous_1)
FNDA:0,(anonymous_2)
FNDA:6,(anonymous_3)
FNDA:6,(anonymous_4)
FNDA:0,(anonymous_5)
FNDA:6,(anonymous_6)
FNDA:0,(anonymous_7)
FNDA:0,(anonymous_8)
FNDA:0,(anonymous_9)
FNDA:0,(anonymous_10)
FNDA:0,(anonymous_11)
FNDA:0,(anonymous_12)
FNDA:0,(anonymous_13)
FNDA:0,(anonymous_14)
FNDA:0,(anonymous_15)
FNDA:0,(anonymous_16)
FNDA:0,(anonymous_17)
FNDA:0,(anonymous_18)
FNDA:0,(anonymous_19)
DA:20,0
DA:26,6
DA:27,6
DA:33,6
DA:34,6
DA:38,0
DA:39,0
DA:41,0
DA:42,0
DA:44,0
DA:45,0
DA:47,0
DA:48,0
DA:50,0
DA:51,0
DA:54,0
DA:60,6
DA:61,6
DA:62,6
DA:66,0
DA:72,0
DA:73,0
DA:74,0
DA:75,0
DA:79,0
DA:81,0
DA:82,0
DA:83,0
DA:85,0
DA:86,0
DA:89,0
DA:95,0
DA:96,0
DA:97,0
DA:98,0
DA:102,0
DA:103,0
DA:104,0
DA:105,0
DA:107,0
DA:108,0
DA:110,0
DA:116,0
DA:117,0
DA:118,0
DA:119,0
DA:120,0
DA:121,0
DA:122,0
DA:123,0
DA:127,0
DA:132,0
DA:133,0
DA:135,0
DA:141,0
DA:142,0
DA:143,0
DA:147,0
DA:153,0
DA:154,0
DA:155,0
DA:159,0
DA:163,0
DA:167,0
DA:168,0
DA:169,0
DA:170,0
LF:67
LH:7
BRDA:41,0,0,0
BRDA:41,0,1,0
BRDA:44,1,0,0
BRDA:44,1,1,0
BRDA:47,2,0,0
BRDA:47,2,1,0
BRDA:50,3,0,0
BRDA:50,3,1,0
BRDA:82,4,0,0
BRDA:82,4,1,0
BRDA:85,5,0,0
BRDA:85,5,1,0
BRDA:104,6,0,0
BRDA:104,6,1,0
BRDA:107,7,0,0
BRDA:107,7,1,0
BRDA:159,8,0,0
BRDA:159,8,1,0
BRDA:163,9,0,0
BRDA:163,9,1,0
BRF:20
BRH:0
end_of_record
TN:
SF:/Users/vladimirmyskov/Sites/dragee/src/draggable.js
FN:26,getTouchByID
FN:35,preventDoubleInit
FN:37,(anonymous_2)
FN:43,addToDefaultScope
FN:47,copyStyles
FN:63,(anonymous_5)
FN:76,(anonymous_6)
FN:80,(anonymous_7)
FN:94,(anonymous_8)
FN:95,(anonymous_9)
FN:96,(anonymous_10)
FN:97,(anonymous_11)
FN:98,(anonymous_12)
FN:99,(anonymous_13)
FN:100,(anonymous_14)
FN:101,(anonymous_15)
FN:102,(anonymous_16)
FN:109,(anonymous_17)
FN:113,(anonymous_18)
FN:118,(anonymous_19)
FN:122,(anonymous_20)
FN:126,(anonymous_21)
FN:143,(anonymous_22)
FN:163,(anonymous_23)
FN:177,(anonymous_24)
FN:182,(anonymous_25)
FN:186,(anonymous_26)
FN:190,(anonymous_27)
FN:197,(anonymous_28)
FN:204,(anonymous_29)
FN:262,(anonymous_30)
FN:278,(anonymous_31)
FN:305,(anonymous_32)
FN:330,(anonymous_33)
FN:340,(anonymous_34)
FN:348,(anonymous_35)
FN:365,(anonymous_36)
FN:379,(anonymous_37)
FN:384,(anonymous_38)
FN:395,(anonymous_39)
FN:399,(anonymous_40)
FN:405,(anonymous_41)
FN:424,(anonymous_42)
FN:428,(anonymous_43)
FN:432,(anonymous_44)
FN:438,(anonymous_45)
FN:458,(anonymous_46)
FN:462,(anonymous_47)
FN:474,(anonymous_48)
FN:478,(anonymous_49)
FN:482,(anonymous_50)
FN:486,(anonymous_51)
FN:490,(anonymous_52)
FN:494,(anonymous_53)
FN:498,(anonymous_54)
FNF:55
FNH:18
FNDA:0,getTouchByID
FNDA:6,preventDoubleInit
FNDA:6,(anonymous_2)
FNDA:6,addToDefaultScope
FNDA:0,copyStyles
FNDA:6,(anonymous_5)
FNDA:6,(anonymous_6)
FNDA:6,(anonymous_7)
FNDA:6,(anonymous_8)
FNDA:0,(anonymous_9)
FNDA:0,(anonymous_10)
FNDA:0,(anonymous_11)
FNDA:0,(anonymous_12)
FNDA:0,(anonymous_13)
FNDA:0,(anonymous_14)
FNDA:0,(anonymous_15)
FNDA:0,(anonymous_16)
FNDA:0,(anonymous_17)
FNDA:0,(anonymous_18)
FNDA:0,(anonymous_19)
FNDA:6,(anonymous_20)
FNDA:15,(anonymous_21)
FNDA:15,(anonymous_22)
FNDA:15,(anonymous_23)
FNDA:7,(anonymous_24)
FNDA:0,(anonymous_25)
FNDA:0,(anonymous_26)
FNDA:0,(anonymous_27)
FNDA:15,(anonymous_28)
FNDA:0,(anonymous_29)
FNDA:0,(anonymous_30)
FNDA:0,(anonymous_31)
FNDA:0,(anonymous_32)
FNDA:0,(anonymous_33)
FNDA:0,(anonymous_34)
FNDA:0,(anonymous_35)
FNDA:0,(anonymous_36)
FNDA:0,(anonymous_37)
FNDA:0,(anonymous_38)
FNDA:0,(anonymous_39)
FNDA:0,(anonymous_40)
FNDA:0,(anonymous_41)
FNDA:0,(anonymous_42)
FNDA:0,(anonymous_43)
FNDA:0,(anonymous_44)
FNDA:0,(anonymous_45)
FNDA:18,(anonymous_46)
FNDA:12,(anonymous_47)
FNDA:1,(anonymous_48)
FNDA:0,(anonymous_49)
FNDA:0,(anonymous_50)
FNDA:15,(anonymous_51)
FNDA:0,(anonymous_52)
FNDA:0,(anonymous_53)
FNDA:3,(anonymous_54)
DA:11,2
DA:12,2
DA:17,2
DA:22,2
DA:23,2
DA:24,2
DA:27,0
DA:28,0
DA:29,0
DA:32,0
DA:36,6
DA:37,6
DA:38,0
DA:40,6
DA:44,6
DA:48,0
DA:50,0
DA:51,0
DA:52,0
DA:53,0
DA:57,0
DA:58,0
DA:64,6
DA:65,6
DA:66,6
DA:67,6
DA:68,6
DA:69,6
DA:70,6
DA:71,6
DA:72,6
DA:73,6
DA:77,6
DA:81,6
DA:82,6
DA:83,6
DA:84,6
DA:85,6
DA:87,6
DA:89,6
DA:90,0
DA:95,6
DA:96,6
DA:97,6
DA:98,6
DA:99,6
DA:100,6
DA:101,6
DA:102,6
DA:104,6
DA:105,6
DA:106,6
DA:110,0
DA:114,0
DA:115,0
DA:119,0
DA:123,6
DA:127,15
DA:128,15
DA:130,15
DA:131,6
DA:132,0
DA:134,6
DA:137,9
DA:140,15
DA:144,15
DA:145,15
DA:147,15
DA:149,15
DA:150,2
DA:151,13
DA:152,6
DA:153,1
DA:155,6
DA:157,7
DA:160,15
DA:164,15
DA:166,15
DA:167,15
DA:169,15
DA:170,15
DA:172,15
DA:173,8
DA:178,7
DA:179,7
DA:183,0
DA:187,0
DA:191,0
DA:192,0
DA:193,0
DA:194,0
DA:198,15
DA:199,15
DA:200,15
DA:201,15
DA:205,0
DA:206,0
DA:207,0
DA:210,0
DA:212,0
DA:217,0
DA:218,0
DA:219,0
DA:222,0
DA:224,0
DA:225,0
DA:227,0
DA:230,0
DA:233,0
DA:236,0
DA:237,0
DA:238,0
DA:241,0
DA:243,0
DA:244,0
DA:247,0
DA:248,0
DA:250,0
DA:251,0
DA:254,0
DA:256,0
DA:257,0
DA:258,0
DA:259,0
DA:263,0
DA:264,0
DA:265,0
DA:266,0
DA:267,0
DA:268,0
DA:269,0
DA:270,0
DA:271,0
DA:272,0
DA:273,0
DA:274,0
DA:275,0
DA:279,0
DA:282,0
DA:283,0
DA:284,0
DA:286,0
DA:287,0
DA:291,0
DA:292,0
DA:293,0
DA:298,0
DA:301,0
DA:302,0
DA:306,0
DA:308,0
DA:309,0
DA:312,0
DA:313,0
DA:314,0
DA:315,0
DA:317,0
DA:318,0
DA:320,0
DA:321,0
DA:323,0
DA:325,0
DA:326,0
DA:327,0
DA:331,0
DA:334,0
DA:335,0
DA:336,0
DA:341,0
DA:342,0
DA:343,0
DA:344,0
DA:345,0
DA:349,0
DA:350,0
DA:351,0
DA:352,0
DA:353,0
DA:354,0
DA:357,0
DA:358,0
DA:360,0
DA:361,0
DA:362,0
DA:366,0
DA:367,0
DA:368,0
DA:369,0
DA:370,0
DA:371,0
DA:372,0
DA:373,0
DA:374,0
DA:375,0
DA:376,0
DA:380,0
DA:381,0
DA:385,0
DA:386,0
DA:387,0
DA:388,0
DA:389,0
DA:390,0
DA:391,0
DA:393,0
DA:396,0
DA:400,0
DA:401,0
DA:403,0
DA:406,0
DA:407,0
DA:408,0
DA:409,0
DA:414,0
DA:415,0
DA:417,0
DA:421,0
DA:425,0
DA:429,0
DA:433,0
DA:434,0
DA:439,0
DA:440,0
DA:441,0
DA:442,0
DA:443,0
DA:444,0
DA:445,0
DA:446,0
DA:447,0
DA:448,0
DA:449,0
DA:450,0
DA:452,0
DA:453,0
DA:454,0
DA:459,18
DA:463,12
DA:464,6
DA:465,0
DA:467,6
DA:471,12
DA:475,1
DA:479,0
DA:483,0
DA:487,15
DA:491,0
DA:495,0
DA:499,3
DA:500,3
DA:502,0
DA:505,3
DA:509,2
DA:510,2
LF:254
LH:83
BRDA:28,0,0,0
BRDA:28,0,1,0
BRDA:37,1,0,0
BRDA:37,1,1,6
BRDA:52,2,0,0
BRDA:52,2,1,0
BRDA:52,3,0,0
BRDA:52,3,1,0
BRDA:63,4,0,2
BRDA:77,5,0,6
BRDA:77,5,1,6
BRDA:85,6,0,6
BRDA:85,6,1,3
BRDA:89,7,0,0
BRDA:89,7,1,6
BRDA:104,8,0,0
BRDA:104,8,1,6
BRDA:105,9,0,0
BRDA:105,9,1,6
BRDA:114,10,0,0
BRDA:114,10,1,0
BRDA:130,11,0,6
BRDA:130,11,1,9
BRDA:131,12,0,0
BRDA:131,12,1,6
BRDA:149,13,0,2
BRDA:149,13,1,13
BRDA:149,14,0,15
BRDA:149,14,1,4
BRDA:149,14,2,2
BRDA:151,15,0,6
BRDA:151,15,1,7
BRDA:152,16,0,1
BRDA:152,16,1,5
BRDA:163,17,0,8
BRDA:163,18,0,8
BRDA:172,19,0,8
BRDA:172,19,1,7
BRDA:177,20,0,6
BRDA:177,21,0,7
BRDA:206,22,0,0
BRDA:206,22,1,0
BRDA:210,23,0,0
BRDA:210,23,1,0
BRDA:213,24,0,0
BRDA:213,24,1,0
BRDA:214,25,0,0
BRDA:214,25,1,0
BRDA:218,26,0,0
BRDA:218,26,1,0
BRDA:225,27,0,0
BRDA:225,27,1,0
BRDA:225,28,0,0
BRDA:225,28,1,0
BRDA:230,29,0,0
BRDA:230,29,1,0
BRDA:230,30,0,0
BRDA:230,30,1,0
BRDA:230,30,2,0
BRDA:236,31,0,0
BRDA:236,31,1,0
BRDA:238,32,0,0
BRDA:238,32,1,0
BRDA:238,33,0,0
BRDA:238,33,1,0
BRDA:238,33,2,0
BRDA:238,33,3,0
BRDA:244,34,0,0
BRDA:244,34,1,0
BRDA:247,35,0,0
BRDA:247,35,1,0
BRDA:248,36,0,0
BRDA:248,36,1,0
BRDA:250,37,0,0
BRDA:250,37,1,0
BRDA:251,38,0,0
BRDA:251,38,1,0
BRDA:282,39,0,0
BRDA:282,39,1,0
BRDA:283,40,0,0
BRDA:283,40,1,0
BRDA:286,41,0,0
BRDA:286,41,1,0
BRDA:294,42,0,0
BRDA:294,42,1,0
BRDA:295,43,0,0
BRDA:295,43,1,0
BRDA:306,44,0,0
BRDA:306,44,1,0
BRDA:308,45,0,0
BRDA:308,45,1,0
BRDA:308,46,0,0
BRDA:308,46,1,0
BRDA:335,47,0,0
BRDA:335,47,1,0
BRDA:353,48,0,0
BRDA:353,48,1,0
BRDA:353,49,0,0
BRDA:353,49,1,0
BRDA:433,50,0,0
BRDA:433,50,1,0
BRDA:453,51,0,0
BRDA:453,51,1,0
BRDA:459,52,0,18
BRDA:459,52,1,6
BRDA:459,52,2,6
BRDA:463,53,0,6
BRDA:463,53,1,6
BRDA:464,54,0,0
BRDA:464,54,1,6
BRDA:465,55,0,0
BRDA:465,55,1,0
BRDA:467,56,0,6
BRDA:467,56,1,6
BRDA:475,57,0,1
BRDA:475,57,1,1
BRDA:479,58,0,0
BRDA:479,58,1,0
BRDA:483,59,0,0
BRDA:483,59,1,0
BRDA:487,60,0,15
BRDA:487,60,1,11
BRDA:499,61,0,3
BRDA:499,61,1,0
BRF:124
BRH:40
end_of_record
TN:
SF:/Users/vladimirmyskov/Sites/dragee/src/eventEmitter.js
FN:2,(anonymous_0)
FN:13,(anonymous_1)
FN:27,(anonymous_2)
FN:31,(anonymous_3)
FN:39,(anonymous_4)
FN:47,(anonymous_5)
FN:54,(anonymous_6)
FN:58,(anonymous_7)
FNF:8
FNH:3
FNDA:13,(anonymous_0)
FNDA:15,(anonymous_1)
FNDA:0,(anonymous_2)
FNDA:7,(anonymous_3)
FNDA:0,(anonymous_4)
FNDA:0,(anonymous_5)
FNDA:0,(anonymous_6)
FNDA:0,(anonymous_7)
DA:3,13
DA:4,13
DA:6,13
DA:7,0
DA:8,0
DA:14,15
DA:15,15
DA:17,15
DA:19,7
DA:20,7
DA:21,7
DA:22,0
DA:28,0
DA:32,7
DA:33,7
DA:36,7
DA:40,0
DA:41,0
DA:44,0
DA:48,0
DA:49,0
DA:50,0
DA:55,0
DA:59,0
LF:24
LH:12
BRDA:2,0,0,4
BRDA:3,1,0,13
BRDA:3,1,1,9
BRDA:6,2,0,0
BRDA:6,2,1,13
BRDA:6,3,0,13
BRDA:6,3,1,13
BRDA:17,4,0,8
BRDA:17,4,1,7
BRDA:21,5,0,0
BRDA:21,5,1,7
BRDA:32,6,0,7
BRDA:32,6,1,0
BRDA:40,7,0,0
BRDA:40,7,1,0
BRDA:48,8,0,0
BRDA:48,8,1,0
BRF:17
BRH:10
end_of_record
TN:
SF:/Users/vladimirmyskov/Sites/dragee/src/list.js
FN:11,(anonymous_0)
FN:23,(anonymous_1)
FN:28,(anonymous_2)
FN:30,(anonymous_3)
FN:31,(anonymous_4)
FN:34,(anonymous_5)
FN:36,(anonymous_6)
FN:62,(anonymous_7)
FN:63,(anonymous_8)
FN:66,(anonymous_9)
FN:70,(anonymous_10)
FN:71,(anonymous_11)
FN:74,(anonymous_12)
FN:75,(anonymous_13)
FN:78,(anonymous_14)
FN:82,(anonymous_15)
FN:86,(anonymous_16)
FN:87,(anonymous_17)
FN:95,(anonymous_18)
FN:102,(anonymous_19)
FN:115,(anonymous_20)
FN:119,(anonymous_21)
FN:120,(anonymous_22)
FN:123,(anonymous_23)
FN:135,(anonymous_24)
FN:139,(anonymous_25)
FN:143,(anonymous_26)
FN:146,(anonymous_27)
FN:154,(anonymous_28)
FN:158,(anonymous_29)
FN:160,(anonymous_30)
FN:165,(anonymous_31)
FN:166,(anonymous_32)
FNF:33
FNH:9
FNDA:1,(anonymous_0)
FNDA:1,(anonymous_1)
FNDA:3,(anonymous_2)
FNDA:1,(anonymous_3)
FNDA:0,(anonymous_4)
FNDA:1,(anonymous_5)
FNDA:3,(anonymous_6)
FNDA:0,(anonymous_7)
FNDA:0,(anonymous_8)
FNDA:3,(anonymous_9)
FNDA:0,(anonymous_10)
FNDA:0,(anonymous_11)
FNDA:0,(anonymous_12)
FNDA:0,(anonymous_13)
FNDA:0,(anonymous_14)
FNDA:0,(anonymous_15)
FNDA:0,(anonymous_16)
FNDA:0,(anonymous_17)
FNDA:0,(anonymous_18)
FNDA:0,(anonymous_19)
FNDA:0,(anonymous_20)
FNDA:0,(anonymous_21)
FNDA:0,(anonymous_22)
FNDA:8,(anonymous_23)
FNDA:1,(anonymous_24)
FNDA:0,(anonymous_25)
FNDA:0,(anonymous_26)
FNDA:0,(anonymous_27)
FNDA:0,(anonymous_28)
FNDA:0,(anonymous_29)
FNDA:0,(anonymous_30)
FNDA:0,(anonymous_31)
FNDA:0,(anonymous_32)
DA:12,1
DA:13,1
DA:19,1
DA:20,1
DA:24,1
DA:25,1
DA:29,3
DA:30,3
DA:31,3
DA:35,1
DA:36,3
DA:38,1
DA:39,1
DA:41,1
DA:42,1
DA:43,0
DA:44,0
DA:47,1
DA:48,1
DA:52,1
DA:53,0
DA:55,1
DA:58,1
DA:63,0
DA:67,3
DA:71,0
DA:75,0
DA:79,0
DA:80,0
DA:82,0
DA:83,0
DA:87,0
DA:88,0
DA:89,0
DA:91,0
DA:92,0
DA:95,0
DA:96,0
DA:97,0
DA:98,0
DA:101,0
DA:102,0
DA:103,0
DA:104,0
DA:105,0
DA:107,0
DA:108,0
DA:109,0
DA:112,0
DA:116,0
DA:120,0
DA:124,8
DA:125,0
DA:127,8
DA:128,8
DA:129,8
DA:130,2
DA:131,0
DA:136,1
DA:140,0
DA:144,0
DA:145,0
DA:146,0
DA:147,0
DA:150,0
DA:155,0
DA:159,0
DA:160,0
DA:161,0
DA:166,0
DA:167,0
DA:171,0
LF:72
LH:27
BRDA:11,0,0,1
BRDA:41,1,0,1
BRDA:41,1,1,0
BRDA:41,2,0,1
BRDA:41,2,1,1
BRDA:42,3,0,0
BRDA:42,3,1,1
BRDA:52,4,0,0
BRDA:52,4,1,1
BRDA:79,5,0,0
BRDA:79,5,1,0
BRDA:91,6,0,0
BRDA:91,6,1,0
BRDA:103,7,0,0
BRDA:103,7,1,0
BRDA:104,8,0,0
BRDA:104,8,1,0
BRDA:124,9,0,0
BRDA:124,9,1,8
BRDA:127,10,0,0
BRDA:127,10,1,8
BRDA:128,11,0,0
BRDA:128,11,1,8
BRDA:129,12,0,6
BRDA:129,12,1,2
BRDA:130,13,0,2
BRDA:130,13,1,0
BRDA:136,14,0,1
BRDA:136,14,1,1
BRDA:145,15,0,0
BRDA:145,15,1,0
BRDA:165,16,0,0
BRDA:169,17,0,0
BRDA:169,17,1,0
BRDA:171,18,0,0
BRDA:171,18,1,0
BRF:36
BRH:14
end_of_record
TN:
SF:/Users/vladimirmyskov/Sites/dragee/src/positioning.js
FN:10,(anonymous_0)
FN:15,(anonymous_1)
FN:21,(anonymous_2)
FN:22,(anonymous_3)
FN:29,(anonymous_4)
FN:33,(anonymous_5)
FN:38,(anonymous_6)
FN:52,(anonymous_7)
FN:54,(anonymous_8)
FN:62,(anonymous_9)
FN:75,(anonymous_10)
FN:78,(anonymous_11)
FN:83,(anonymous_12)
FN:115,(anonymous_13)
FN:117,(anonymous_14)
FN:118,(anonymous_15)
FN:127,(anonymous_16)
FN:135,(anonymous_17)
FN:145,(anonymous_18)
FN:149,(anonymous_19)
FNF:20
FNH:0
FNDA:0,(anonymous_0)
FNDA:0,(anonymous_1)
FNDA:0,(anonymous_2)
FNDA:0,(anonymous_3)
FNDA:0,(anonymous_4)
FNDA:0,(anonymous_5)
FNDA:0,(anonymous_6)
FNDA:0,(anonymous_7)
FNDA:0,(anonymous_8)
FNDA:0,(anonymous_9)
FNDA:0,(anonymous_10)
FNDA:0,(anonymous_11)
FNDA:0,(anonymous_12)
FNDA:0,(anonymous_13)
FNDA:0,(anonymous_14)
FNDA:0,(anonymous_15)
FNDA:0,(anonymous_16)
FNDA:0,(anonymous_17)
FNDA:0,(anonymous_18)
FNDA:0,(anonymous_19)
DA:11,0
DA:12,0
DA:16,0
DA:22,0
DA:23,0
DA:24,0
DA:26,0
DA:29,0
DA:30,0
DA:31,0
DA:33,0
DA:34,0
DA:35,0
DA:38,0
DA:39,0
DA:40,0
DA:43,0
DA:44,0
DA:46,0
DA:49,0
DA:53,0
DA:54,0
DA:55,0
DA:57,0
DA:63,0
DA:64,0
DA:68,0
DA:70,0
DA:71,0
DA:72,0
DA:74,0
DA:75,0
DA:79,0
DA:80,0
DA:81,0
DA:83,0
DA:84,0
DA:85,0
DA:86,0
DA:91,0
DA:93,0
DA:94,0
DA:98,0
DA:99,0
DA:105,0
DA:106,0
DA:107,0
DA:110,0
DA:112,0
DA:116,0
DA:117,0
DA:118,0
DA:119,0
DA:120,0
DA:121,0
DA:123,0
DA:125,0
DA:127,0
DA:128,0
DA:130,0
DA:136,0
DA:138,0
DA:139,0
DA:140,0
DA:142,0
DA:146,0
DA:147,0
DA:149,0
DA:150,0
DA:151,0
DA:152,0
DA:157,0
DA:158,0
DA:159,0
DA:162,0
DA:163,0
DA:168,0
DA:169,0
DA:170,0
DA:172,0
DA:174,0
LF:81
LH:0
BRDA:10,0,0,0
BRDA:16,1,0,0
BRDA:16,1,1,0
BRDA:23,2,0,0
BRDA:23,2,1,0
BRDA:38,3,0,0
BRDA:38,3,1,0
BRDA:43,4,0,0
BRDA:43,4,1,0
BRDA:62,5,0,0
BRDA:68,6,0,0
BRDA:68,6,1,0
BRDA:70,7,0,0
BRDA:70,7,1,0
BRDA:71,8,0,0
BRDA:71,8,1,0
BRDA:72,9,0,0
BRDA:72,9,1,0
BRDA:74,10,0,0
BRDA:74,10,1,0
BRDA:75,11,0,0
BRDA:75,11,1,0
BRDA:88,12,0,0
BRDA:88,12,1,0
BRDA:93,13,0,0
BRDA:93,13,1,0
BRDA:98,14,0,0
BRDA:98,14,1,0
BRDA:101,15,0,0
BRDA:101,15,1,0
BRDA:106,16,0,0
BRDA:106,16,1,0
BRDA:106,17,0,0
BRDA:106,17,1,0
BRDA:120,18,0,0
BRDA:120,18,1,0
BRDA:135,19,0,0
BRDA:138,20,0,0
BRDA:138,20,1,0
BRDA:139,21,0,0
BRDA:139,21,1,0
BRDA:140,22,0,0
BRDA:140,22,1,0
BRDA:154,23,0,0
BRDA:154,23,1,0
BRDA:158,24,0,0
BRDA:158,24,1,0
BRDA:162,25,0,0
BRDA:162,25,1,0
BRDA:165,26,0,0
BRDA:165,26,1,0
BRDA:169,27,0,0
BRDA:169,27,1,0
BRDA:169,28,0,0
BRDA:169,28,1,0
BRF:55
BRH:0
end_of_record
TN:
SF:/Users/vladimirmyskov/Sites/dragee/src/scope.js
FN:9,(anonymous_0)
FN:11,(anonymous_1)
FN:13,(anonymous_2)
FN:19,(anonymous_3)
FN:35,(anonymous_4)
FN:36,(anonymous_5)
FN:37,(anonymous_6)
FN:41,(anonymous_7)
FN:43,(anonymous_8)
FN:46,(anonymous_9)
FN:50,(anonymous_10)
FN:51,(anonymous_11)
FN:53,(anonymous_12)
FN:55,(anonymous_13)
FN:68,(anonymous_14)
FN:69,(anonymous_15)
FN:72,(anonymous_16)
FN:73,(anonymous_17)
FN:74,(anonymous_18)
FN:77,(anonymous_19)
FN:78,(anonymous_20)
FN:79,(anonymous_21)
FN:83,(anonymous_22)
FN:86,(anonymous_23)
FN:88,(anonymous_24)
FN:89,(anonymous_25)
FN:101,scope
FN:104,(anonymous_27)
FN:109,(anonymous_28)
FNF:29
FNH:3
FNDA:2,(anonymous_0)
FNDA:0,(anonymous_1)
FNDA:0,(anonymous_2)
FNDA:0,(anonymous_3)
FNDA:2,(anonymous_4)
FNDA:0,(anonymous_5)
FNDA:0,(anonymous_6)
FNDA:6,(anonymous_7)
FNDA:0,(anonymous_8)
FNDA:0,(anonymous_9)
FNDA:0,(anonymous_10)
FNDA:0,(anonymous_11)
FNDA:0,(anonymous_12)
FNDA:0,(anonymous_13)
FNDA:0,(anonymous_14)
FNDA:0,(anonymous_15)
FNDA:0,(anonymous_16)
FNDA:0,(anonymous_17)
FNDA:0,(anonymous_18)
FNDA:0,(anonymous_19)
FNDA:0,(anonymous_20)
FNDA:0,(anonymous_21)
FNDA:0,(anonymous_22)
FNDA:0,(anonymous_23)
FNDA:0,(anonymous_24)
FNDA:0,(anonymous_25)
FNDA:0,scope
FNDA:0,(anonymous_27)
FNDA:0,(anonymous_28)
DA:6,2
DA:10,2
DA:11,2
DA:12,0
DA:13,0
DA:14,0
DA:18,0
DA:19,0
DA:20,0
DA:25,2
DA:26,2
DA:27,2
DA:28,2
DA:32,2
DA:36,2
DA:37,0
DA:42,6
DA:43,6
DA:47,0
DA:51,0
DA:52,0
DA:54,0
DA:56,0
DA:59,0
DA:60,0
DA:61,0
DA:62,0
DA:65,0
DA:69,0
DA:73,0
DA:74,0
DA:78,0
DA:79,0
DA:84,0
DA:85,0
DA:86,0
DA:88,0
DA:89,0
DA:90,0
DA:94,0
DA:99,2
DA:102,0
DA:104,0
DA:105,0
DA:106,0
DA:109,0
DA:110,0
DA:111,0
DA:114,0
DA:115,0
DA:116,0
DA:117,0
DA:118,0
DA:119,0
LF:54
LH:12
BRDA:9,0,0,2
BRDA:12,1,0,0
BRDA:12,1,1,0
BRDA:18,2,0,0
BRDA:18,2,1,0
BRDA:25,3,0,2
BRDA:25,3,1,2
BRDA:26,4,0,2
BRDA:26,4,1,2
BRDA:29,5,0,2
BRDA:29,5,1,2
BRDA:59,6,0,0
BRDA:59,6,1,0
BRDA:61,7,0,0
BRDA:61,7,1,0
BRDA:85,8,0,0
BRDA:85,8,1,0
BRF:17
BRH:7
end_of_record
TN:
SF:/Users/vladimirmyskov/Sites/dragee/src/target.js
FN:11,(anonymous_0)
FN:16,(anonymous_1)
FN:37,(anonymous_2)
FN:45,(anonymous_3)
FN:49,(anonymous_4)
FN:53,(anonymous_5)
FN:56,(anonymous_6)
FN:69,(anonymous_7)
FN:73,(anonymous_8)
FN:77,(anonymous_9)
FN:86,(anonymous_10)
FN:98,(anonymous_11)
FN:102,(anonymous_12)
FN:106,(anonymous_13)
FN:107,(anonymous_14)
FN:110,(anonymous_15)
FN:111,(anonymous_16)
FN:117,(anonymous_17)
FN:132,(anonymous_18)
FN:143,(anonymous_19)
FN:144,(anonymous_20)
FN:158,(anonymous_21)
FN:164,(anonymous_22)
FN:174,(anonymous_23)
FN:180,(anonymous_24)
FN:181,(anonymous_25)
FN:188,(anonymous_26)
FN:198,(anonymous_27)
FN:206,(anonymous_28)
FN:207,(anonymous_29)
FN:214,(anonymous_30)
FNF:31
FNH:0
FNDA:0,(anonymous_0)
FNDA:0,(anonymous_1)
FNDA:0,(anonymous_2)
FNDA:0,(anonymous_3)
FNDA:0,(anonymous_4)
FNDA:0,(anonymous_5)
FNDA:0,(anonymous_6)
FNDA:0,(anonymous_7)
FNDA:0,(anonymous_8)
FNDA:0,(anonymous_9)
FNDA:0,(anonymous_10)
FNDA:0,(anonymous_11)
FNDA:0,(anonymous_12)
FNDA:0,(anonymous_13)
FNDA:0,(anonymous_14)
FNDA:0,(anonymous_15)
FNDA:0,(anonymous_16)
FNDA:0,(anonymous_17)
FNDA:0,(anonymous_18)
FNDA:0,(anonymous_19)
FNDA:0,(anonymous_20)
FNDA:0,(anonymous_21)
FNDA:0,(anonymous_22)
FNDA:0,(anonymous_23)
FNDA:0,(anonymous_24)
FNDA:0,(anonymous_25)
FNDA:0,(anonymous_26)
FNDA:0,(anonymous_27)
FNDA:0,(anonymous_28)
FNDA:0,(anonymous_29)
FNDA:0,(anonymous_30)
DA:11,2
DA:12,0
DA:17,0
DA:18,0
DA:19,0
DA:21,0
DA:27,0
DA:36,0
DA:37,0
DA:38,0
DA:40,0
DA:42,0
DA:46,0
DA:50,0
DA:56,0
DA:57,0
DA:58,0
DA:59,0
DA:60,0
DA:62,0
DA:64,0
DA:67,0
DA:68,0
DA:69,0
DA:70,0
DA:72,0
DA:73,0
DA:78,0
DA:87,0
DA:88,0
DA:90,0
DA:91,0
DA:93,0
DA:99,0
DA:103,0
DA:107,0
DA:111,0
DA:112,0
DA:114,0
DA:118,0
DA:119,0
DA:121,0
DA:122,0
DA:123,0
DA:125,0
DA:129,0
DA:131,0
DA:132,0
DA:133,0
DA:136,0
DA:137,0
DA:138,0
DA:140,0
DA:144,0
DA:145,0
DA:146,0
DA:148,0
DA:149,0
DA:150,0
DA:151,0
DA:153,0
DA:159,0
DA:161,0
DA:163,0
DA:164,0
DA:165,0
DA:168,0
DA:169,0
DA:170,0
DA:175,0
DA:176,0
DA:181,0
DA:182,0
DA:185,0
DA:189,0
DA:191,0
DA:192,0
DA:193,0
DA:196,0
DA:198,0
DA:199,0
DA:202,0
DA:203,0
DA:207,0
DA:208,0
DA:209,0
DA:211,0
DA:215,0
DA:219,2
DA:220,2
LF:90
LH:3
BRDA:16,0,0,0
BRDA:19,1,0,0
BRDA:19,1,1,0
BRDA:27,2,0,0
BRDA:27,2,1,0
BRDA:59,3,0,0
BRDA:59,3,1,0
BRDA:67,4,0,0
BRDA:67,4,1,0
BRDA:87,5,0,0
BRDA:87,5,1,0
BRDA:93,6,0,0
BRDA:93,6,1,0
BRDA:121,7,0,0
BRDA:121,7,1,0
BRDA:122,8,0,0
BRDA:122,8,1,0
BRDA:137,9,0,0
BRDA:137,9,1,0
BRDA:146,10,0,0
BRDA:146,10,1,0
BRDA:146,11,0,0
BRDA:146,11,1,0
BRDA:146,12,0,0
BRDA:146,12,1,0
BRDA:148,13,0,0
BRDA:148,13,1,0
BRDA:168,14,0,0
BRDA:168,14,1,0
BRDA:169,15,0,0
BRDA:169,15,1,0
BRDA:175,16,0,0
BRDA:175,16,1,0
BRDA:192,17,0,0
BRDA:192,17,1,0
BRF:35
BRH:0
end_of_record
TN:
SF:/Users/vladimirmyskov/Sites/dragee/src/geometry/angles.js
FN:3,getAngleDiff
FN:9,getAngle
FN:14,toRadian
FN:18,toDegree
FN:22,boundAngle
FN:39,getNearestAngle
FN:51,normalizeAngle
FN:61,getPointFromRadialSystem
FNF:8
FNH:0
FNDA:0,getAngleDiff
FNDA:0,getAngle
FNDA:0,toRadian
FNDA:0,toDegree
FNDA:0,boundAngle
FNDA:0,getNearestAngle
FNDA:0,normalizeAngle
FNDA:0,getPointFromRadialSystem
DA:4,0
DA:5,0
DA:6,0
DA:10,0
DA:11,0
DA:15,0
DA:19,0
DA:24,0
DA:25,0
DA:26,0
DA:27,0
DA:29,0
DA:30,0
DA:31,0
DA:32,0
DA:34,0
DA:40,0
DA:41,0
DA:42,0
DA:43,0
DA:44,0
DA:45,0
DA:48,0
DA:52,0
DA:53,0
DA:55,0
DA:56,0
DA:58,0
DA:62,0
DA:63,0
LF:30
LH:0
BRDA:24,0,0,0
BRDA:24,0,1,0
BRDA:24,1,0,0
BRDA:24,1,1,0
BRDA:24,1,2,0
BRDA:26,2,0,0
BRDA:26,2,1,0
BRDA:26,3,0,0
BRDA:26,3,1,0
BRDA:26,3,2,0
BRDA:31,4,0,0
BRDA:31,4,1,0
BRDA:43,5,0,0
BRDA:43,5,1,0
BRDA:62,6,0,0
BRDA:62,6,1,0
BRF:16
BRH:0
end_of_record
TN:
SF:/Users/vladimirmyskov/Sites/dragee/src/geometry/bounds.js
FN:4,clamp
FN:9,directCrossing
FN:36,boundToSegment
FN:53,boundToLine
FN:62,getPointOnLine
FN:67,getPointOnLineByLenght
FN:74,addPointToBoundPoints
FN:75,(anonymous_7)
FNF:8
FNH:0
FNDA:0,clamp
FNDA:0,directCrossing
FNDA:0,boundToSegment
FNDA:0,boundToLine
FNDA:0,getPointOnLine
FNDA:0,getPointOnLineByLenght
FNDA:0,addPointToBoundPoints
FNDA:0,(anonymous_7)
DA:5,0
DA:11,0
DA:12,0
DA:13,0
DA:14,0
DA:15,0
DA:16,0
DA:17,0
DA:19,0
DA:20,0
DA:21,0
DA:22,0
DA:23,0
DA:24,0
DA:26,0
DA:27,0
DA:28,0
DA:29,0
DA:30,0
DA:31,0
DA:32,0
DA:38,0
DA:39,0
DA:40,0
DA:41,0
DA:44,0
DA:45,0
DA:46,0
DA:47,0
DA:50,0
DA:54,0
DA:55,0
DA:56,0
DA:57,0
DA:58,0
DA:59,0
DA:63,0
DA:64,0
DA:68,0
DA:69,0
DA:70,0
DA:71,0
DA:75,0
DA:76,0
DA:79,0
DA:80,0
DA:81,0
DA:82,0
DA:85,0
DA:86,0
LF:50
LH:0
BRDA:11,0,0,0
BRDA:11,0,1,0
BRDA:19,1,0,0
BRDA:19,1,1,0
BRDA:39,2,0,0
BRDA:39,2,1,0
BRDA:40,3,0,0
BRDA:40,3,1,0
BRDA:45,4,0,0
BRDA:45,4,1,0
BRDA:46,5,0,0
BRDA:46,5,1,0
BRDA:76,6,0,0
BRDA:76,6,1,0
BRDA:76,7,0,0
BRDA:76,7,1,0
BRDA:80,8,0,0
BRDA:80,8,1,0
BRF:18
BRH:0
end_of_record
TN:
SF:/Users/vladimirmyskov/Sites/dragee/src/geometry/distances.js
FN:1,getDistance
FN:6,getXDifference
FN:10,getYDifference
FN:14,transformedSpaceDistanceFactory
FN:15,(anonymous_4)
FN:23,indexOfNearestPoint
FNF:6
FNH:2
FNDA:4,getDistance
FNDA:0,getXDifference
FNDA:0,getYDifference
FNDA:0,transformedSpaceDistanceFactory
FNDA:0,(anonymous_4)
FNDA:1,indexOfNearestPoint
DA:2,4
DA:3,4
DA:7,0
DA:11,0
DA:15,0
DA:16,0
DA:24,1
DA:25,1
DA:26,0
DA:28,1
DA:29,1
DA:30,3
DA:31,3
DA:32,2
DA:33,2
DA:36,1
DA:37,0
DA:39,1
LF:18
LH:12
BRDA:23,0,0,0
BRDA:25,1,0,0
BRDA:25,1,1,1
BRDA:31,2,0,2
BRDA:31,2,1,1
BRDA:36,3,0,0
BRDA:36,3,1,1
BRDA:36,4,0,1
BRDA:36,4,1,1
BRF:9
BRH:6
end_of_record
TN:
SF:/Users/vladimirmyskov/Sites/dragee/src/geometry/point.js
FN:1,getSumValueOfStyleRules
FN:2,(anonymous_1)
FN:8,(anonymous_2)
FN:13,(anonymous_3)
FN:17,(anonymous_4)
FN:21,(anonymous_5)
FN:25,(anonymous_6)
FN:29,(anonymous_7)
FN:33,(anonymous_8)
FN:37,(anonymous_9)
FN:41,(anonymous_10)
FN:51,(anonymous_11)
FNF:12
FNH:7
FNDA:12,getSumValueOfStyleRules
FNDA:48,(anonymous_1)
FNDA:66,(anonymous_2)
FNDA:0,(anonymous_3)
FNDA:15,(anonymous_4)
FNDA:0,(anonymous_5)
FNDA:0,(anonymous_6)
FNDA:0,(anonymous_7)
FNDA:22,(anonymous_8)
FNDA:0,(anonymous_9)
FNDA:12,(anonymous_10)
FNDA:6,(anonymous_11)
DA:2,12
DA:3,48
DA:9,66
DA:10,66
DA:14,0
DA:18,15
DA:22,0
DA:26,0
DA:30,0
DA:34,22
DA:38,0
DA:42,12
DA:43,12
DA:44,12
DA:45,12
DA:52,6
DA:53,6
DA:54,6
DA:55,6
DA:56,6
DA:58,6
LF:21
LH:16
BRDA:3,0,0,48
BRDA:3,0,1,48
BRDA:30,1,0,0
BRDA:30,1,1,0
BRDA:42,2,0,12
BRDA:42,2,1,0
BRDA:51,3,0,0
BRDA:54,4,0,6
BRDA:54,4,1,0
BRF:9
BRH:4
end_of_record
TN:
SF:/Users/vladimirmyskov/Sites/dragee/src/geometry/rectangle.js
FN:4,(anonymous_0)
FN:9,(anonymous_1)
FN:13,(anonymous_2)
FN:17,(anonymous_3)
FN:21,(anonymous_4)
FN:25,(anonymous_5)
FN:29,(anonymous_6)
FN:35,(anonymous_7)
FN:44,(anonymous_8)
FN:48,(anonymous_9)
FN:52,(anonymous_10)
FN:71,(anonymous_11)
FN:75,(anonymous_12)
FN:83,(anonymous_13)
FN:88,(anonymous_14)
FN:92,(anonymous_15)
FNF:16
FNH:2
FNDA:6,(anonymous_0)
FNDA:0,(anonymous_1)
FNDA:0,(anonymous_2)
FNDA:0,(anonymous_3)
FNDA:0,(anonymous_4)
FNDA:0,(anonymous_5)
FNDA:0,(anonymous_6)
FNDA:0,(anonymous_7)
FNDA:0,(anonymous_8)
FNDA:0,(anonymous_9)
FNDA:0,(anonymous_10)
FNDA:0,(anonymous_11)
FNDA:0,(anonymous_12)
FNDA:0,(anonymous_13)
FNDA:0,(anonymous_14)
FNDA:6,(anonymous_15)
DA:5,6
DA:6,6
DA:10,0
DA:14,0
DA:18,0
DA:22,0
DA:26,0
DA:30,0
DA:31,0
DA:32,0
DA:36,0
DA:37,0
DA:38,0
DA:39,0
DA:41,0
DA:45,0
DA:49,0
DA:54,0
DA:55,0
DA:57,0
DA:58,0
DA:59,0
DA:61,0
DA:63,0
DA:64,0
DA:65,0
DA:66,0
DA:67,0
DA:68,0
DA:72,0
DA:76,0
DA:77,0
DA:78,0
DA:79,0
DA:80,0
DA:84,0
DA:85,0
DA:89,0
DA:93,6
DA:94,6
DA:95,6
LF:41
LH:5
BRDA:38,0,0,0
BRDA:38,0,1,0
BRDA:38,1,0,0
BRDA:38,1,1,0
BRDA:45,2,0,0
BRDA:45,2,1,0
BRDA:45,2,2,0
BRDA:45,2,3,0
BRDA:49,3,0,0
BRDA:49,3,1,0
BRDA:54,4,0,0
BRDA:54,4,1,0
BRDA:58,5,0,0
BRDA:58,5,1,0
BRDA:61,6,0,0
BRDA:61,6,1,0
BRDA:65,7,0,0
BRDA:65,7,1,0
BRDA:66,8,0,0
BRDA:66,8,1,0
BRDA:76,9,0,0
BRDA:76,9,1,0
BRDA:92,10,0,0
BRDA:92,11,0,6
BRDA:92,12,0,6
BRF:25
BRH:2
end_of_record
TN:
SF:/Users/vladimirmyskov/Sites/dragee/src/utils/classes.js
FN:1,hasClass
FN:6,addClass
FN:12,removeClass
FNF:3
FNH:1
FNDA:0,hasClass
FNDA:0,addClass
FNDA:3,removeClass
DA:2,0
DA:3,0
DA:7,0
DA:8,0
DA:13,3
DA:14,3
LF:6
LH:2
BRDA:7,0,0,0
BRDA:7,0,1,0
BRF:2
BRH:0
end_of_record
TN:
SF:/Users/vladimirmyskov/Sites/dragee/src/utils/get-default-parent.js
FN:1,getDefaultParent
FNF:1
FNH:1
FNDA:6,getDefaultParent
DA:2,6
DA:3,6
DA:4,0
DA:6,6
LF:4
LH:3
BRDA:3,0,0,6
BRDA:3,0,1,6
BRDA:3,0,2,0
BRF:3
BRH:2
end_of_record
TN:
SF:/Users/vladimirmyskov/Sites/dragee/src/utils/is-support-passive-events.js
FN:1,checkSupportPassiveEvents
FN:6,(anonymous_1)
FN:22,eventOptions
FNF:3
FNH:1
FNDA:2,checkSupportPassiveEvents
FNDA:0,(anonymous_1)
FNDA:0,eventOptions
DA:2,2
DA:4,2
DA:5,2
DA:7,0
DA:11,2
DA:12,2
DA:14,0
DA:17,2
DA:20,2
DA:23,0
LF:10
LH:7
BRDA:22,0,0,0
BRDA:23,1,0,0
BRDA:23,1,1,0
BRF:3
BRH:0
end_of_record
TN:
SF:/Users/vladimirmyskov/Sites/dragee/src/utils/range.js
FN:1,range
FNF:1
FNH:0
FNDA:0,range
DA:2,0
DA:3,0
DA:4,0
DA:5,0
DA:7,0
DA:8,0
DA:10,0
DA:11,0
DA:13,0
DA:14,0
DA:16,0
LF:11
LH:0
BRDA:3,0,0,0
BRDA:3,0,1,0
BRDA:7,1,0,0
BRDA:7,1,1,0
BRDA:10,2,0,0
BRDA:10,2,1,0
BRDA:10,3,0,0
BRDA:10,3,1,0
BRDA:10,3,2,0
BRDA:10,3,3,0
BRDA:13,4,0,0
BRDA:13,4,1,0
BRF:12
BRH:0
end_of_record
TN:
SF:/Users/vladimirmyskov/Sites/dragee/src/utils/remove-array-item.js
FN:1,(anonymous_0)
FNF:1
FNH:0
FNDA:0,(anonymous_0)
DA:2,0
DA:3,0
DA:4,0
DA:5,0
DA:8,0
LF:5
LH:0
BRDA:3,0,0,0
BRDA:3,0,1,0
BRF:2
BRH:0
end_of_record
